#
# A fatal error has been detected by the Java Runtime Environment:
#
#  SIGSEGV (0xb) at pc=0x000000011be950dc, pid=7571, tid=775
#
# JRE version:  (11.0.1+13) (build )
# Java VM: Java HotSpot(TM) 64-Bit Server VM (11.0.1+13-LTS, mixed mode, tiered, compressed oops, g1 gc, bsd-amd64)
# Problematic frame:
# C  [libjvm.dylib+0x4110dc]  _ZN14AccessInternal15BarrierResolverILy5292116EPFvPvP7oopDescELNS_11BarrierTypeE0EE18resolve_barrier_gcILy5292116EEEN8EnableIfIXsr12HasDecoratorIXT_EXL_ZL21INTERNAL_VALUE_IS_OOPEEEE5valueES5_E4typeEv+0xa
#
# No core dump will be written. Core dumps have been disabled. To enable core dumping, try "ulimit -c unlimited" before starting Java again
#
# If you would like to submit a bug report, please visit:
#   http://bugreport.java.com/bugreport/crash.jsp
#

---------------  S U M M A R Y ------------

Command Line: -Djava.awt.headless=true -Xmx512m -Xrs vfprintf exit 

Host: MacBookPro14,1 x86_64 2500 MHz, 4 cores, 16G, Darwin 19.2.0
Time: Wed Jan  8 13:38:23 2020 MST elapsed time: 0 seconds (0d 0h 0m 0s)

---------------  T H R E A D  ---------------

Current thread (0x00007fc42d639800):  JavaThread "main" [_thread_in_vm, id=775, stack(0x00007ffeee57e000,0x00007ffeeed7e000)]

Stack: [0x00007ffeee57e000,0x00007ffeeed7e000],  sp=0x00007ffeeed638c8,  free space=8086k
Native frames: (J=compiled Java code, A=aot compiled Java code, j=interpreted, Vv=VM code, C=native code)
C  [libjvm.dylib+0x4110dc]  _ZN14AccessInternal15BarrierResolverILy5292116EPFvPvP7oopDescELNS_11BarrierTypeE0EE18resolve_barrier_gcILy5292116EEEN8EnableIfIXsr12HasDecoratorIXT_EXL_ZL21INTERNAL_VALUE_IS_OOPEEEE5valueES5_E4typeEv+0xa
C  [libjvm.dylib+0x41045a]  _ZN14JNIHandleBlock15allocate_handleEP7oopDesc+0x160
C  [libjvm.dylib+0x4213ee]  JVM_CurrentThread+0xa9
j  java.lang.Thread.currentThread()Ljava/lang/Thread;+0 java.base
j  java.lang.Thread.<init>(Ljava/lang/ThreadGroup;Ljava/lang/Runnable;Ljava/lang/String;JLjava/security/AccessControlContext;Z)V+54 java.base
j  java.lang.Thread.<init>(Ljava/lang/ThreadGroup;Ljava/lang/Runnable;Ljava/lang/String;J)V+8 java.base
j  java.lang.Thread.<init>(Ljava/lang/ThreadGroup;Ljava/lang/String;)V+5 java.base
v  ~StubRoutines::call_stub
V  [libjvm.dylib+0x3a7512]  _ZN9JavaCalls11call_helperEP9JavaValueRK12methodHandleP17JavaCallArgumentsP6Thread+0x21a
V  [libjvm.dylib+0x3a6c18]  _ZN9JavaCalls12call_specialEP9JavaValueP5KlassP6SymbolS5_P17JavaCallArgumentsP6Thread+0xba
V  [libjvm.dylib+0x3a6dd9]  _ZN9JavaCalls12call_specialEP9JavaValue6HandleP5KlassP6SymbolS6_S2_S2_P6Thread+0x7b
V  [libjvm.dylib+0x703551]  _ZN7Threads28initialize_java_lang_classesEP10JavaThreadP6Thread+0x2dd
V  [libjvm.dylib+0x704063]  _ZN7Threads9create_vmEP14JavaVMInitArgsPb+0x40b
V  [libjvm.dylib+0x3fa730]  JNI_CreateJavaVM+0x60
C  [rJava.so+0x9664]  RinitJVM+0x494
C  [libR.dylib+0x8285c]  do_External+0x12c
C  [libR.dylib+0xbc296]  bcEval+0x7106
C  [libR.dylib+0xb4a5d]  Rf_eval+0x1bd
C  [libR.dylib+0xd3319]  R_execClosure+0x869
C  [libR.dylib+0xd221a]  Rf_applyClosure+0x15a
C  [libR.dylib+0xbbe81]  bcEval+0x6cf1
C  [libR.dylib+0xb4a5d]  Rf_eval+0x1bd
C  [libR.dylib+0xd3319]  R_execClosure+0x869
C  [libR.dylib+0xd221a]  Rf_applyClosure+0x15a
C  [libR.dylib+0xbbe81]  bcEval+0x6cf1
C  [libR.dylib+0xb4a5d]  Rf_eval+0x1bd
C  [libR.dylib+0xd3319]  R_execClosure+0x869
C  [libR.dylib+0xd221a]  Rf_applyClosure+0x15a
C  [libR.dylib+0xbbe81]  bcEval+0x6cf1
C  [libR.dylib+0xb4a5d]  Rf_eval+0x1bd
C  [libR.dylib+0xd19d3]  forcePromise+0xb3
C  [libR.dylib+0xdc25c]  getvar+0x33c
C  [libR.dylib+0xb9004]  bcEval+0x3e74
C  [libR.dylib+0xb4a5d]  Rf_eval+0x1bd
C  [libR.dylib+0xd19d3]  forcePromise+0xb3
C  [libR.dylib+0xdc25c]  getvar+0x33c
C  [libR.dylib+0xb9004]  bcEval+0x3e74
C  [libR.dylib+0xb4a5d]  Rf_eval+0x1bd
C  [libR.dylib+0xd19d3]  forcePromise+0xb3
C  [libR.dylib+0xdc25c]  getvar+0x33c
C  [libR.dylib+0xb9004]  bcEval+0x3e74
C  [libR.dylib+0xb4a5d]  Rf_eval+0x1bd
C  [libR.dylib+0xd19d3]  forcePromise+0xb3
C  [libR.dylib+0xdc25c]  getvar+0x33c
C  [libR.dylib+0xb9004]  bcEval+0x3e74
C  [libR.dylib+0xb4a5d]  Rf_eval+0x1bd
C  [libR.dylib+0xd3319]  R_execClosure+0x869
C  [libR.dylib+0xd221a]  Rf_applyClosure+0x15a
C  [libR.dylib+0xbbe81]  bcEval+0x6cf1
C  [libR.dylib+0xb4a5d]  Rf_eval+0x1bd
C  [libR.dylib+0xd3319]  R_execClosure+0x869
C  [libR.dylib+0xd221a]  Rf_applyClosure+0x15a
C  [libR.dylib+0xbbe81]  bcEval+0x6cf1
C  [libR.dylib+0xb4a5d]  Rf_eval+0x1bd
C  [libR.dylib+0xd3319]  R_execClosure+0x869
C  [libR.dylib+0xd221a]  Rf_applyClosure+0x15a
C  [libR.dylib+0xbbe81]  bcEval+0x6cf1
C  [libR.dylib+0xb4a5d]  Rf_eval+0x1bd
C  [libR.dylib+0xd3319]  R_execClosure+0x869
C  [libR.dylib+0xd221a]  Rf_applyClosure+0x15a
C  [libR.dylib+0xbbe81]  bcEval+0x6cf1
C  [libR.dylib+0xb4a5d]  Rf_eval+0x1bd
C  [libR.dylib+0xd3319]  R_execClosure+0x869
C  [libR.dylib+0xd221a]  Rf_applyClosure+0x15a
C  [libR.dylib+0xbbe81]  bcEval+0x6cf1
C  [libR.dylib+0xb4a5d]  Rf_eval+0x1bd
C  [libR.dylib+0xd3319]  R_execClosure+0x869
C  [libR.dylib+0xd221a]  Rf_applyClosure+0x15a
C  [libR.dylib+0xbbe81]  bcEval+0x6cf1
C  [libR.dylib+0xb4a5d]  Rf_eval+0x1bd
C  [libR.dylib+0xd19d3]  forcePromise+0xb3
C  [libR.dylib+0xb4ae4]  Rf_eval+0x244
C  [libR.dylib+0xba689]  bcEval+0x54f9
C  [libR.dylib+0xb4a5d]  Rf_eval+0x1bd
C  [libR.dylib+0xd3319]  R_execClosure+0x869
C  [libR.dylib+0xd221a]  Rf_applyClosure+0x15a
C  [libR.dylib+0xbbe81]  bcEval+0x6cf1
C  [libR.dylib+0xb4a5d]  Rf_eval+0x1bd
C  [libR.dylib+0xd3319]  R_execClosure+0x869
C  [libR.dylib+0xd221a]  Rf_applyClosure+0x15a
C  [libR.dylib+0xbbe81]  bcEval+0x6cf1
C  [libR.dylib+0xb4a5d]  Rf_eval+0x1bd
C  [libR.dylib+0xd19d3]  forcePromise+0xb3
C  [libR.dylib+0xdc25c]  getvar+0x33c
C  [libR.dylib+0xb9004]  bcEval+0x3e74
C  [libR.dylib+0xb4a5d]  Rf_eval+0x1bd
C  [libR.dylib+0xd19d3]  forcePromise+0xb3
C  [libR.dylib+0xdc25c]  getvar+0x33c
C  [libR.dylib+0xb9004]  bcEval+0x3e74
C  [libR.dylib+0xb4a5d]  Rf_eval+0x1bd
C  [libR.dylib+0xd3319]  R_execClosure+0x869
C  [libR.dylib+0xd221a]  Rf_applyClosure+0x15a
C  [libR.dylib+0xbbe81]  bcEval+0x6cf1
C  [libR.dylib+0xb4a5d]  Rf_eval+0x1bd
C  [libR.dylib+0xd3319]  R_execClosure+0x869
C  [libR.dylib+0xd221a]  Rf_applyClosure+0x15a
C  [libR.dylib+0xbbe81]  bcEval+0x6cf1
C  [libR.dylib+0xb4a5d]  Rf_eval+0x1bd
C  [libR.dylib+0xd3319]  R_execClosure+0x869
C  [libR.dylib+0xd221a]  Rf_applyClosure+0x15a
...<more frames>...

Java frames: (J=compiled Java code, j=interpreted, Vv=VM code)
j  java.lang.Thread.currentThread()Ljava/lang/Thread;+0 java.base
j  java.lang.Thread.<init>(Ljava/lang/ThreadGroup;Ljava/lang/Runnable;Ljava/lang/String;JLjava/security/AccessControlContext;Z)V+54 java.base
j  java.lang.Thread.<init>(Ljava/lang/ThreadGroup;Ljava/lang/Runnable;Ljava/lang/String;J)V+8 java.base
j  java.lang.Thread.<init>(Ljava/lang/ThreadGroup;Ljava/lang/String;)V+5 java.base
v  ~StubRoutines::call_stub

siginfo: si_signo: 11 (SIGSEGV), si_code: 1 (SEGV_MAPERR), si_addr: 0x0000000000000010

Register to memory mapping:

RAX=0x0 is NULL
RBX=0x00007fc431cae7c0 points into unknown readable memory
RCX=0x0 is NULL
RDX=0x0000000000000001 is an unknown value
RSP=0x00007ffeeed638c8 is pointing into the stack for thread: 0x00007fc42d639800
RBP=0x00007ffeeed638e0 is pointing into the stack for thread: 0x00007fc42d639800
RSI=0x00000007eff06920 is an oop
java.lang.Thread 
{0x00000007eff06920} - klass: 'java/lang/Thread'
RDI=0x00007fc431cae7c0 points into unknown readable memory
R8 ={method} {0x000000011fd863c8} 'currentThread' '()Ljava/lang/Thread;' in 'java/lang/Thread'
R9 =0x00007fc464360b00 points into unknown readable memory
R10=0x000000012c32d921 is at code_begin+897 in an Interpreter codelet
method entry point (kind = native)  [0x000000012c32d5a0, 0x000000012c32dfe0]  2624 bytes
R11=0x00000007eff01cf8 is an oop
java.lang.Class 
{0x00000007eff01cf8} - klass: 'java/lang/Class'
R12=0x00007fc431cae7c0 points into unknown readable memory
R13=0x000000011fd863c0 is pointing into metadata
R14=0x00000007eff06920 is an oop
java.lang.Thread 
{0x00000007eff06920} - klass: 'java/lang/Thread'
R15=0x00007fc42d639800 is a thread


Registers:
RAX=0x0000000000000000, RBX=0x00007fc431cae7c0, RCX=0x0000000000000000, RDX=0x0000000000000001
RSP=0x00007ffeeed638c8, RBP=0x00007ffeeed638e0, RSI=0x00000007eff06920, RDI=0x00007fc431cae7c0
R8 =0x000000011fd863c8, R9 =0x00007fc464360b00, R10=0x000000012c32d921, R11=0x00000007eff01cf8
R12=0x00007fc431cae7c0, R13=0x000000011fd863c0, R14=0x00000007eff06920, R15=0x00007fc42d639800
RIP=0x000000011be950dc, EFLAGS=0x0000000000010246, ERR=0x0000000000000004
  TRAPNO=0x000000000000000e

Top of Stack: (sp=0x00007ffeeed638c8)
0x00007ffeeed638c8:   000000011be95075 00007fc431cae7c0
0x00007ffeeed638d8:   00000007eff06920 00007ffeeed63910
0x00007ffeeed638e8:   000000011be9445a 00007fc42d639800
0x00007ffeeed638f8:   0000000000000000 00007fc42d639b40
0x00007ffeeed63908:   00007fc42d639800 00007ffeeed63940
0x00007ffeeed63918:   000000011bea53ee 00007fc42d639800
0x00007ffeeed63928:   000000011fd863c8 00007ffeeed639b8
0x00007ffeeed63938:   00007fc42d639800 00007ffeeed639a0
0x00007ffeeed63948:   000000012c32d950 000000012c32d656
0x00007ffeeed63958:   00007ffeeed63958 000000011fd863c0
0x00007ffeeed63968:   00007ffeeed639b8 000000011fe5e378
0x00007ffeeed63978:   0000000000000000 00000007eff01cf8
0x00007ffeeed63988:   000000011fd863c8 0000000000000000
0x00007ffeeed63998:   00007ffeeed639c0 00007ffeeed63a08
0x00007ffeeed639a8:   000000012c327a00 00000007eff01cf8
0x00007ffeeed639b8:   000000012c32a89b 00007ffeeed639c0
0x00007ffeeed639c8:   000000011fd867ae 00007ffeeed63a60
0x00007ffeeed639d8:   000000011fe5e378 0000000000000000
0x00007ffeeed639e8:   00000007eff01cf8 000000011fd86918
0x00007ffeeed639f8:   00007ffeeed639c0 00007ffeeed63a28
0x00007ffeeed63a08:   00007ffeeed63ab0 000000012c327ca7
0x00007ffeeed63a18:   0000000000000000 0000000000000000
0x00007ffeeed63a28:   0000000000000001 0000000000000000
0x00007ffeeed63a38:   0000000000000000 0000000000000000
0x00007ffeeed63a48:   00000007eff06a98 0000000000000000
0x00007ffeeed63a58:   00000007eff06730 00000007eff06920
0x00007ffeeed63a68:   00007ffeeed63a68 000000011fd870e0
0x00007ffeeed63a78:   00007ffeeed63ae8 000000011fe5e378
0x00007ffeeed63a88:   0000000000000000 00000007eff01cf8
0x00007ffeeed63a98:   000000011fd87128 00007ffeeed63a28
0x00007ffeeed63aa8:   00007ffeeed63ac0 00007ffeeed63b38
0x00007ffeeed63ab8:   000000012c327ca7 0000000000000000 

Instructions: (pc=0x000000011be950dc)
0x000000011be950bc:   be ee 00 00 00 31 c0 e8 cc 48 e5 ff e8 d1 0a 1e
0x000000011be950cc:   00 31 c0 5d c3 90 48 8d 05 17 00 53 00 48 8b 00
0x000000011be950dc:   8b 40 10 ff c8 83 f8 03 73 0e 48 98 48 8d 0d 21
0x000000011be950ec:   ea 4c 00 48 8b 04 c1 c3 55 48 89 e5 48 8d 3d 0d 


---------------  P R O C E S S  ---------------

Threads class SMR info:
_java_thread_list=0x00007fc45a5eea00, length=1, elements={
0x00007fc42d639800
}

Java Threads: ( => current thread )
=>0x00007fc42d639800 JavaThread "main" [_thread_in_vm, id=775, stack(0x00007ffeee57e000,0x00007ffeeed7e000)]

Other Threads:
  0x00007fc42f8ed800 VMThread "VM Thread" [stack: 0x0000700009185000,0x0000700009285000] [id=89091]
  0x00007fc4341b1800 GCTaskThread "GC Thread#0" [stack: 0x0000700007fea000,0x00007000080ea000] [id=64515]
  0x00007fc4341be800 ConcurrentGCThread "G1 Main Marker" [stack: 0x0000700008d79000,0x0000700008e79000] [id=130819]
  0x00007fc4341bf800 ConcurrentGCThread "G1 Conc#0" [stack: 0x0000700008e7c000,0x0000700008f7c000] [id=88323]
  0x00007fc42f74a800 ConcurrentGCThread "G1 Refine#0" [stack: 0x0000700008f7f000,0x000070000907f000] [id=130563]
  0x00007fc42f74b000 ConcurrentGCThread "G1 Young RemSet Sampling" [stack: 0x0000700009082000,0x0000700009182000] [id=88835]

Threads with active compile tasks:

VM state:not at safepoint (normal execution)

VM Mutex/Monitor currently owned by a thread: None

Heap address: 0x00000007e0000000, size: 512 MB, Compressed Oops mode: Zero based, Oop shift amount: 3
Narrow klass base: 0x0000000800000000, Narrow klass shift: 0
Compressed class space size: 1073741824 Address: 0x0000000800000000

Heap:
 garbage-first heap   total 262144K, used 0K [0x00000007e0000000, 0x0000000800000000)
  region size 1024K, 1 young (1024K), 0 survivors (0K)
 Metaspace       used 1186K, capacity 4480K, committed 4480K, reserved 1056768K
  class space    used 90K, capacity 384K, committed 384K, reserved 1048576K
Heap Regions: E=young(eden), S=young(survivor), O=old, HS=humongous(starts), HC=humongous(continues), CS=collection set, F=free, A=archive, TAMS=top-at-mark-start (previous, next)
|   0|0x00000007e0000000, 0x00000007e0000000, 0x00000007e0100000|  0%| F|  |TAMS 0x00000007e0000000, 0x00000007e0000000| Untracked 
|   1|0x00000007e0100000, 0x00000007e0100000, 0x00000007e0200000|  0%| F|  |TAMS 0x00000007e0100000, 0x00000007e0100000| Untracked 
|   2|0x00000007e0200000, 0x00000007e0200000, 0x00000007e0300000|  0%| F|  |TAMS 0x00000007e0200000, 0x00000007e0200000| Untracked 
|   3|0x00000007e0300000, 0x00000007e0300000, 0x00000007e0400000|  0%| F|  |TAMS 0x00000007e0300000, 0x00000007e0300000| Untracked 
|   4|0x00000007e0400000, 0x00000007e0400000, 0x00000007e0500000|  0%| F|  |TAMS 0x00000007e0400000, 0x00000007e0400000| Untracked 
|   5|0x00000007e0500000, 0x00000007e0500000, 0x00000007e0600000|  0%| F|  |TAMS 0x00000007e0500000, 0x00000007e0500000| Untracked 
|   6|0x00000007e0600000, 0x00000007e0600000, 0x00000007e0700000|  0%| F|  |TAMS 0x00000007e0600000, 0x00000007e0600000| Untracked 
|   7|0x00000007e0700000, 0x00000007e0700000, 0x00000007e0800000|  0%| F|  |TAMS 0x00000007e0700000, 0x00000007e0700000| Untracked 
|   8|0x00000007e0800000, 0x00000007e0800000, 0x00000007e0900000|  0%| F|  |TAMS 0x00000007e0800000, 0x00000007e0800000| Untracked 
|   9|0x00000007e0900000, 0x00000007e0900000, 0x00000007e0a00000|  0%| F|  |TAMS 0x00000007e0900000, 0x00000007e0900000| Untracked 
|  10|0x00000007e0a00000, 0x00000007e0a00000, 0x00000007e0b00000|  0%| F|  |TAMS 0x00000007e0a00000, 0x00000007e0a00000| Untracked 
|  11|0x00000007e0b00000, 0x00000007e0b00000, 0x00000007e0c00000|  0%| F|  |TAMS 0x00000007e0b00000, 0x00000007e0b00000| Untracked 
|  12|0x00000007e0c00000, 0x00000007e0c00000, 0x00000007e0d00000|  0%| F|  |TAMS 0x00000007e0c00000, 0x00000007e0c00000| Untracked 
|  13|0x00000007e0d00000, 0x00000007e0d00000, 0x00000007e0e00000|  0%| F|  |TAMS 0x00000007e0d00000, 0x00000007e0d00000| Untracked 
|  14|0x00000007e0e00000, 0x00000007e0e00000, 0x00000007e0f00000|  0%| F|  |TAMS 0x00000007e0e00000, 0x00000007e0e00000| Untracked 
|  15|0x00000007e0f00000, 0x00000007e0f00000, 0x00000007e1000000|  0%| F|  |TAMS 0x00000007e0f00000, 0x00000007e0f00000| Untracked 
|  16|0x00000007e1000000, 0x00000007e1000000, 0x00000007e1100000|  0%| F|  |TAMS 0x00000007e1000000, 0x00000007e1000000| Untracked 
|  17|0x00000007e1100000, 0x00000007e1100000, 0x00000007e1200000|  0%| F|  |TAMS 0x00000007e1100000, 0x00000007e1100000| Untracked 
|  18|0x00000007e1200000, 0x00000007e1200000, 0x00000007e1300000|  0%| F|  |TAMS 0x00000007e1200000, 0x00000007e1200000| Untracked 
|  19|0x00000007e1300000, 0x00000007e1300000, 0x00000007e1400000|  0%| F|  |TAMS 0x00000007e1300000, 0x00000007e1300000| Untracked 
|  20|0x00000007e1400000, 0x00000007e1400000, 0x00000007e1500000|  0%| F|  |TAMS 0x00000007e1400000, 0x00000007e1400000| Untracked 
|  21|0x00000007e1500000, 0x00000007e1500000, 0x00000007e1600000|  0%| F|  |TAMS 0x00000007e1500000, 0x00000007e1500000| Untracked 
|  22|0x00000007e1600000, 0x00000007e1600000, 0x00000007e1700000|  0%| F|  |TAMS 0x00000007e1600000, 0x00000007e1600000| Untracked 
|  23|0x00000007e1700000, 0x00000007e1700000, 0x00000007e1800000|  0%| F|  |TAMS 0x00000007e1700000, 0x00000007e1700000| Untracked 
|  24|0x00000007e1800000, 0x00000007e1800000, 0x00000007e1900000|  0%| F|  |TAMS 0x00000007e1800000, 0x00000007e1800000| Untracked 
|  25|0x00000007e1900000, 0x00000007e1900000, 0x00000007e1a00000|  0%| F|  |TAMS 0x00000007e1900000, 0x00000007e1900000| Untracked 
|  26|0x00000007e1a00000, 0x00000007e1a00000, 0x00000007e1b00000|  0%| F|  |TAMS 0x00000007e1a00000, 0x00000007e1a00000| Untracked 
|  27|0x00000007e1b00000, 0x00000007e1b00000, 0x00000007e1c00000|  0%| F|  |TAMS 0x00000007e1b00000, 0x00000007e1b00000| Untracked 
|  28|0x00000007e1c00000, 0x00000007e1c00000, 0x00000007e1d00000|  0%| F|  |TAMS 0x00000007e1c00000, 0x00000007e1c00000| Untracked 
|  29|0x00000007e1d00000, 0x00000007e1d00000, 0x00000007e1e00000|  0%| F|  |TAMS 0x00000007e1d00000, 0x00000007e1d00000| Untracked 
|  30|0x00000007e1e00000, 0x00000007e1e00000, 0x00000007e1f00000|  0%| F|  |TAMS 0x00000007e1e00000, 0x00000007e1e00000| Untracked 
|  31|0x00000007e1f00000, 0x00000007e1f00000, 0x00000007e2000000|  0%| F|  |TAMS 0x00000007e1f00000, 0x00000007e1f00000| Untracked 
|  32|0x00000007e2000000, 0x00000007e2000000, 0x00000007e2100000|  0%| F|  |TAMS 0x00000007e2000000, 0x00000007e2000000| Untracked 
|  33|0x00000007e2100000, 0x00000007e2100000, 0x00000007e2200000|  0%| F|  |TAMS 0x00000007e2100000, 0x00000007e2100000| Untracked 
|  34|0x00000007e2200000, 0x00000007e2200000, 0x00000007e2300000|  0%| F|  |TAMS 0x00000007e2200000, 0x00000007e2200000| Untracked 
|  35|0x00000007e2300000, 0x00000007e2300000, 0x00000007e2400000|  0%| F|  |TAMS 0x00000007e2300000, 0x00000007e2300000| Untracked 
|  36|0x00000007e2400000, 0x00000007e2400000, 0x00000007e2500000|  0%| F|  |TAMS 0x00000007e2400000, 0x00000007e2400000| Untracked 
|  37|0x00000007e2500000, 0x00000007e2500000, 0x00000007e2600000|  0%| F|  |TAMS 0x00000007e2500000, 0x00000007e2500000| Untracked 
|  38|0x00000007e2600000, 0x00000007e2600000, 0x00000007e2700000|  0%| F|  |TAMS 0x00000007e2600000, 0x00000007e2600000| Untracked 
|  39|0x00000007e2700000, 0x00000007e2700000, 0x00000007e2800000|  0%| F|  |TAMS 0x00000007e2700000, 0x00000007e2700000| Untracked 
|  40|0x00000007e2800000, 0x00000007e2800000, 0x00000007e2900000|  0%| F|  |TAMS 0x00000007e2800000, 0x00000007e2800000| Untracked 
|  41|0x00000007e2900000, 0x00000007e2900000, 0x00000007e2a00000|  0%| F|  |TAMS 0x00000007e2900000, 0x00000007e2900000| Untracked 
|  42|0x00000007e2a00000, 0x00000007e2a00000, 0x00000007e2b00000|  0%| F|  |TAMS 0x00000007e2a00000, 0x00000007e2a00000| Untracked 
|  43|0x00000007e2b00000, 0x00000007e2b00000, 0x00000007e2c00000|  0%| F|  |TAMS 0x00000007e2b00000, 0x00000007e2b00000| Untracked 
|  44|0x00000007e2c00000, 0x00000007e2c00000, 0x00000007e2d00000|  0%| F|  |TAMS 0x00000007e2c00000, 0x00000007e2c00000| Untracked 
|  45|0x00000007e2d00000, 0x00000007e2d00000, 0x00000007e2e00000|  0%| F|  |TAMS 0x00000007e2d00000, 0x00000007e2d00000| Untracked 
|  46|0x00000007e2e00000, 0x00000007e2e00000, 0x00000007e2f00000|  0%| F|  |TAMS 0x00000007e2e00000, 0x00000007e2e00000| Untracked 
|  47|0x00000007e2f00000, 0x00000007e2f00000, 0x00000007e3000000|  0%| F|  |TAMS 0x00000007e2f00000, 0x00000007e2f00000| Untracked 
|  48|0x00000007e3000000, 0x00000007e3000000, 0x00000007e3100000|  0%| F|  |TAMS 0x00000007e3000000, 0x00000007e3000000| Untracked 
|  49|0x00000007e3100000, 0x00000007e3100000, 0x00000007e3200000|  0%| F|  |TAMS 0x00000007e3100000, 0x00000007e3100000| Untracked 
|  50|0x00000007e3200000, 0x00000007e3200000, 0x00000007e3300000|  0%| F|  |TAMS 0x00000007e3200000, 0x00000007e3200000| Untracked 
|  51|0x00000007e3300000, 0x00000007e3300000, 0x00000007e3400000|  0%| F|  |TAMS 0x00000007e3300000, 0x00000007e3300000| Untracked 
|  52|0x00000007e3400000, 0x00000007e3400000, 0x00000007e3500000|  0%| F|  |TAMS 0x00000007e3400000, 0x00000007e3400000| Untracked 
|  53|0x00000007e3500000, 0x00000007e3500000, 0x00000007e3600000|  0%| F|  |TAMS 0x00000007e3500000, 0x00000007e3500000| Untracked 
|  54|0x00000007e3600000, 0x00000007e3600000, 0x00000007e3700000|  0%| F|  |TAMS 0x00000007e3600000, 0x00000007e3600000| Untracked 
|  55|0x00000007e3700000, 0x00000007e3700000, 0x00000007e3800000|  0%| F|  |TAMS 0x00000007e3700000, 0x00000007e3700000| Untracked 
|  56|0x00000007e3800000, 0x00000007e3800000, 0x00000007e3900000|  0%| F|  |TAMS 0x00000007e3800000, 0x00000007e3800000| Untracked 
|  57|0x00000007e3900000, 0x00000007e3900000, 0x00000007e3a00000|  0%| F|  |TAMS 0x00000007e3900000, 0x00000007e3900000| Untracked 
|  58|0x00000007e3a00000, 0x00000007e3a00000, 0x00000007e3b00000|  0%| F|  |TAMS 0x00000007e3a00000, 0x00000007e3a00000| Untracked 
|  59|0x00000007e3b00000, 0x00000007e3b00000, 0x00000007e3c00000|  0%| F|  |TAMS 0x00000007e3b00000, 0x00000007e3b00000| Untracked 
|  60|0x00000007e3c00000, 0x00000007e3c00000, 0x00000007e3d00000|  0%| F|  |TAMS 0x00000007e3c00000, 0x00000007e3c00000| Untracked 
|  61|0x00000007e3d00000, 0x00000007e3d00000, 0x00000007e3e00000|  0%| F|  |TAMS 0x00000007e3d00000, 0x00000007e3d00000| Untracked 
|  62|0x00000007e3e00000, 0x00000007e3e00000, 0x00000007e3f00000|  0%| F|  |TAMS 0x00000007e3e00000, 0x00000007e3e00000| Untracked 
|  63|0x00000007e3f00000, 0x00000007e3f00000, 0x00000007e4000000|  0%| F|  |TAMS 0x00000007e3f00000, 0x00000007e3f00000| Untracked 
|  64|0x00000007e4000000, 0x00000007e4000000, 0x00000007e4100000|  0%| F|  |TAMS 0x00000007e4000000, 0x00000007e4000000| Untracked 
|  65|0x00000007e4100000, 0x00000007e4100000, 0x00000007e4200000|  0%| F|  |TAMS 0x00000007e4100000, 0x00000007e4100000| Untracked 
|  66|0x00000007e4200000, 0x00000007e4200000, 0x00000007e4300000|  0%| F|  |TAMS 0x00000007e4200000, 0x00000007e4200000| Untracked 
|  67|0x00000007e4300000, 0x00000007e4300000, 0x00000007e4400000|  0%| F|  |TAMS 0x00000007e4300000, 0x00000007e4300000| Untracked 
|  68|0x00000007e4400000, 0x00000007e4400000, 0x00000007e4500000|  0%| F|  |TAMS 0x00000007e4400000, 0x00000007e4400000| Untracked 
|  69|0x00000007e4500000, 0x00000007e4500000, 0x00000007e4600000|  0%| F|  |TAMS 0x00000007e4500000, 0x00000007e4500000| Untracked 
|  70|0x00000007e4600000, 0x00000007e4600000, 0x00000007e4700000|  0%| F|  |TAMS 0x00000007e4600000, 0x00000007e4600000| Untracked 
|  71|0x00000007e4700000, 0x00000007e4700000, 0x00000007e4800000|  0%| F|  |TAMS 0x00000007e4700000, 0x00000007e4700000| Untracked 
|  72|0x00000007e4800000, 0x00000007e4800000, 0x00000007e4900000|  0%| F|  |TAMS 0x00000007e4800000, 0x00000007e4800000| Untracked 
|  73|0x00000007e4900000, 0x00000007e4900000, 0x00000007e4a00000|  0%| F|  |TAMS 0x00000007e4900000, 0x00000007e4900000| Untracked 
|  74|0x00000007e4a00000, 0x00000007e4a00000, 0x00000007e4b00000|  0%| F|  |TAMS 0x00000007e4a00000, 0x00000007e4a00000| Untracked 
|  75|0x00000007e4b00000, 0x00000007e4b00000, 0x00000007e4c00000|  0%| F|  |TAMS 0x00000007e4b00000, 0x00000007e4b00000| Untracked 
|  76|0x00000007e4c00000, 0x00000007e4c00000, 0x00000007e4d00000|  0%| F|  |TAMS 0x00000007e4c00000, 0x00000007e4c00000| Untracked 
|  77|0x00000007e4d00000, 0x00000007e4d00000, 0x00000007e4e00000|  0%| F|  |TAMS 0x00000007e4d00000, 0x00000007e4d00000| Untracked 
|  78|0x00000007e4e00000, 0x00000007e4e00000, 0x00000007e4f00000|  0%| F|  |TAMS 0x00000007e4e00000, 0x00000007e4e00000| Untracked 
|  79|0x00000007e4f00000, 0x00000007e4f00000, 0x00000007e5000000|  0%| F|  |TAMS 0x00000007e4f00000, 0x00000007e4f00000| Untracked 
|  80|0x00000007e5000000, 0x00000007e5000000, 0x00000007e5100000|  0%| F|  |TAMS 0x00000007e5000000, 0x00000007e5000000| Untracked 
|  81|0x00000007e5100000, 0x00000007e5100000, 0x00000007e5200000|  0%| F|  |TAMS 0x00000007e5100000, 0x00000007e5100000| Untracked 
|  82|0x00000007e5200000, 0x00000007e5200000, 0x00000007e5300000|  0%| F|  |TAMS 0x00000007e5200000, 0x00000007e5200000| Untracked 
|  83|0x00000007e5300000, 0x00000007e5300000, 0x00000007e5400000|  0%| F|  |TAMS 0x00000007e5300000, 0x00000007e5300000| Untracked 
|  84|0x00000007e5400000, 0x00000007e5400000, 0x00000007e5500000|  0%| F|  |TAMS 0x00000007e5400000, 0x00000007e5400000| Untracked 
|  85|0x00000007e5500000, 0x00000007e5500000, 0x00000007e5600000|  0%| F|  |TAMS 0x00000007e5500000, 0x00000007e5500000| Untracked 
|  86|0x00000007e5600000, 0x00000007e5600000, 0x00000007e5700000|  0%| F|  |TAMS 0x00000007e5600000, 0x00000007e5600000| Untracked 
|  87|0x00000007e5700000, 0x00000007e5700000, 0x00000007e5800000|  0%| F|  |TAMS 0x00000007e5700000, 0x00000007e5700000| Untracked 
|  88|0x00000007e5800000, 0x00000007e5800000, 0x00000007e5900000|  0%| F|  |TAMS 0x00000007e5800000, 0x00000007e5800000| Untracked 
|  89|0x00000007e5900000, 0x00000007e5900000, 0x00000007e5a00000|  0%| F|  |TAMS 0x00000007e5900000, 0x00000007e5900000| Untracked 
|  90|0x00000007e5a00000, 0x00000007e5a00000, 0x00000007e5b00000|  0%| F|  |TAMS 0x00000007e5a00000, 0x00000007e5a00000| Untracked 
|  91|0x00000007e5b00000, 0x00000007e5b00000, 0x00000007e5c00000|  0%| F|  |TAMS 0x00000007e5b00000, 0x00000007e5b00000| Untracked 
|  92|0x00000007e5c00000, 0x00000007e5c00000, 0x00000007e5d00000|  0%| F|  |TAMS 0x00000007e5c00000, 0x00000007e5c00000| Untracked 
|  93|0x00000007e5d00000, 0x00000007e5d00000, 0x00000007e5e00000|  0%| F|  |TAMS 0x00000007e5d00000, 0x00000007e5d00000| Untracked 
|  94|0x00000007e5e00000, 0x00000007e5e00000, 0x00000007e5f00000|  0%| F|  |TAMS 0x00000007e5e00000, 0x00000007e5e00000| Untracked 
|  95|0x00000007e5f00000, 0x00000007e5f00000, 0x00000007e6000000|  0%| F|  |TAMS 0x00000007e5f00000, 0x00000007e5f00000| Untracked 
|  96|0x00000007e6000000, 0x00000007e6000000, 0x00000007e6100000|  0%| F|  |TAMS 0x00000007e6000000, 0x00000007e6000000| Untracked 
|  97|0x00000007e6100000, 0x00000007e6100000, 0x00000007e6200000|  0%| F|  |TAMS 0x00000007e6100000, 0x00000007e6100000| Untracked 
|  98|0x00000007e6200000, 0x00000007e6200000, 0x00000007e6300000|  0%| F|  |TAMS 0x00000007e6200000, 0x00000007e6200000| Untracked 
|  99|0x00000007e6300000, 0x00000007e6300000, 0x00000007e6400000|  0%| F|  |TAMS 0x00000007e6300000, 0x00000007e6300000| Untracked 
| 100|0x00000007e6400000, 0x00000007e6400000, 0x00000007e6500000|  0%| F|  |TAMS 0x00000007e6400000, 0x00000007e6400000| Untracked 
| 101|0x00000007e6500000, 0x00000007e6500000, 0x00000007e6600000|  0%| F|  |TAMS 0x00000007e6500000, 0x00000007e6500000| Untracked 
| 102|0x00000007e6600000, 0x00000007e6600000, 0x00000007e6700000|  0%| F|  |TAMS 0x00000007e6600000, 0x00000007e6600000| Untracked 
| 103|0x00000007e6700000, 0x00000007e6700000, 0x00000007e6800000|  0%| F|  |TAMS 0x00000007e6700000, 0x00000007e6700000| Untracked 
| 104|0x00000007e6800000, 0x00000007e6800000, 0x00000007e6900000|  0%| F|  |TAMS 0x00000007e6800000, 0x00000007e6800000| Untracked 
| 105|0x00000007e6900000, 0x00000007e6900000, 0x00000007e6a00000|  0%| F|  |TAMS 0x00000007e6900000, 0x00000007e6900000| Untracked 
| 106|0x00000007e6a00000, 0x00000007e6a00000, 0x00000007e6b00000|  0%| F|  |TAMS 0x00000007e6a00000, 0x00000007e6a00000| Untracked 
| 107|0x00000007e6b00000, 0x00000007e6b00000, 0x00000007e6c00000|  0%| F|  |TAMS 0x00000007e6b00000, 0x00000007e6b00000| Untracked 
| 108|0x00000007e6c00000, 0x00000007e6c00000, 0x00000007e6d00000|  0%| F|  |TAMS 0x00000007e6c00000, 0x00000007e6c00000| Untracked 
| 109|0x00000007e6d00000, 0x00000007e6d00000, 0x00000007e6e00000|  0%| F|  |TAMS 0x00000007e6d00000, 0x00000007e6d00000| Untracked 
| 110|0x00000007e6e00000, 0x00000007e6e00000, 0x00000007e6f00000|  0%| F|  |TAMS 0x00000007e6e00000, 0x00000007e6e00000| Untracked 
| 111|0x00000007e6f00000, 0x00000007e6f00000, 0x00000007e7000000|  0%| F|  |TAMS 0x00000007e6f00000, 0x00000007e6f00000| Untracked 
| 112|0x00000007e7000000, 0x00000007e7000000, 0x00000007e7100000|  0%| F|  |TAMS 0x00000007e7000000, 0x00000007e7000000| Untracked 
| 113|0x00000007e7100000, 0x00000007e7100000, 0x00000007e7200000|  0%| F|  |TAMS 0x00000007e7100000, 0x00000007e7100000| Untracked 
| 114|0x00000007e7200000, 0x00000007e7200000, 0x00000007e7300000|  0%| F|  |TAMS 0x00000007e7200000, 0x00000007e7200000| Untracked 
| 115|0x00000007e7300000, 0x00000007e7300000, 0x00000007e7400000|  0%| F|  |TAMS 0x00000007e7300000, 0x00000007e7300000| Untracked 
| 116|0x00000007e7400000, 0x00000007e7400000, 0x00000007e7500000|  0%| F|  |TAMS 0x00000007e7400000, 0x00000007e7400000| Untracked 
| 117|0x00000007e7500000, 0x00000007e7500000, 0x00000007e7600000|  0%| F|  |TAMS 0x00000007e7500000, 0x00000007e7500000| Untracked 
| 118|0x00000007e7600000, 0x00000007e7600000, 0x00000007e7700000|  0%| F|  |TAMS 0x00000007e7600000, 0x00000007e7600000| Untracked 
| 119|0x00000007e7700000, 0x00000007e7700000, 0x00000007e7800000|  0%| F|  |TAMS 0x00000007e7700000, 0x00000007e7700000| Untracked 
| 120|0x00000007e7800000, 0x00000007e7800000, 0x00000007e7900000|  0%| F|  |TAMS 0x00000007e7800000, 0x00000007e7800000| Untracked 
| 121|0x00000007e7900000, 0x00000007e7900000, 0x00000007e7a00000|  0%| F|  |TAMS 0x00000007e7900000, 0x00000007e7900000| Untracked 
| 122|0x00000007e7a00000, 0x00000007e7a00000, 0x00000007e7b00000|  0%| F|  |TAMS 0x00000007e7a00000, 0x00000007e7a00000| Untracked 
| 123|0x00000007e7b00000, 0x00000007e7b00000, 0x00000007e7c00000|  0%| F|  |TAMS 0x00000007e7b00000, 0x00000007e7b00000| Untracked 
| 124|0x00000007e7c00000, 0x00000007e7c00000, 0x00000007e7d00000|  0%| F|  |TAMS 0x00000007e7c00000, 0x00000007e7c00000| Untracked 
| 125|0x00000007e7d00000, 0x00000007e7d00000, 0x00000007e7e00000|  0%| F|  |TAMS 0x00000007e7d00000, 0x00000007e7d00000| Untracked 
| 126|0x00000007e7e00000, 0x00000007e7e00000, 0x00000007e7f00000|  0%| F|  |TAMS 0x00000007e7e00000, 0x00000007e7e00000| Untracked 
| 127|0x00000007e7f00000, 0x00000007e7f00000, 0x00000007e8000000|  0%| F|  |TAMS 0x00000007e7f00000, 0x00000007e7f00000| Untracked 
| 128|0x00000007e8000000, 0x00000007e8000000, 0x00000007e8100000|  0%| F|  |TAMS 0x00000007e8000000, 0x00000007e8000000| Untracked 
| 129|0x00000007e8100000, 0x00000007e8100000, 0x00000007e8200000|  0%| F|  |TAMS 0x00000007e8100000, 0x00000007e8100000| Untracked 
| 130|0x00000007e8200000, 0x00000007e8200000, 0x00000007e8300000|  0%| F|  |TAMS 0x00000007e8200000, 0x00000007e8200000| Untracked 
| 131|0x00000007e8300000, 0x00000007e8300000, 0x00000007e8400000|  0%| F|  |TAMS 0x00000007e8300000, 0x00000007e8300000| Untracked 
| 132|0x00000007e8400000, 0x00000007e8400000, 0x00000007e8500000|  0%| F|  |TAMS 0x00000007e8400000, 0x00000007e8400000| Untracked 
| 133|0x00000007e8500000, 0x00000007e8500000, 0x00000007e8600000|  0%| F|  |TAMS 0x00000007e8500000, 0x00000007e8500000| Untracked 
| 134|0x00000007e8600000, 0x00000007e8600000, 0x00000007e8700000|  0%| F|  |TAMS 0x00000007e8600000, 0x00000007e8600000| Untracked 
| 135|0x00000007e8700000, 0x00000007e8700000, 0x00000007e8800000|  0%| F|  |TAMS 0x00000007e8700000, 0x00000007e8700000| Untracked 
| 136|0x00000007e8800000, 0x00000007e8800000, 0x00000007e8900000|  0%| F|  |TAMS 0x00000007e8800000, 0x00000007e8800000| Untracked 
| 137|0x00000007e8900000, 0x00000007e8900000, 0x00000007e8a00000|  0%| F|  |TAMS 0x00000007e8900000, 0x00000007e8900000| Untracked 
| 138|0x00000007e8a00000, 0x00000007e8a00000, 0x00000007e8b00000|  0%| F|  |TAMS 0x00000007e8a00000, 0x00000007e8a00000| Untracked 
| 139|0x00000007e8b00000, 0x00000007e8b00000, 0x00000007e8c00000|  0%| F|  |TAMS 0x00000007e8b00000, 0x00000007e8b00000| Untracked 
| 140|0x00000007e8c00000, 0x00000007e8c00000, 0x00000007e8d00000|  0%| F|  |TAMS 0x00000007e8c00000, 0x00000007e8c00000| Untracked 
| 141|0x00000007e8d00000, 0x00000007e8d00000, 0x00000007e8e00000|  0%| F|  |TAMS 0x00000007e8d00000, 0x00000007e8d00000| Untracked 
| 142|0x00000007e8e00000, 0x00000007e8e00000, 0x00000007e8f00000|  0%| F|  |TAMS 0x00000007e8e00000, 0x00000007e8e00000| Untracked 
| 143|0x00000007e8f00000, 0x00000007e8f00000, 0x00000007e9000000|  0%| F|  |TAMS 0x00000007e8f00000, 0x00000007e8f00000| Untracked 
| 144|0x00000007e9000000, 0x00000007e9000000, 0x00000007e9100000|  0%| F|  |TAMS 0x00000007e9000000, 0x00000007e9000000| Untracked 
| 145|0x00000007e9100000, 0x00000007e9100000, 0x00000007e9200000|  0%| F|  |TAMS 0x00000007e9100000, 0x00000007e9100000| Untracked 
| 146|0x00000007e9200000, 0x00000007e9200000, 0x00000007e9300000|  0%| F|  |TAMS 0x00000007e9200000, 0x00000007e9200000| Untracked 
| 147|0x00000007e9300000, 0x00000007e9300000, 0x00000007e9400000|  0%| F|  |TAMS 0x00000007e9300000, 0x00000007e9300000| Untracked 
| 148|0x00000007e9400000, 0x00000007e9400000, 0x00000007e9500000|  0%| F|  |TAMS 0x00000007e9400000, 0x00000007e9400000| Untracked 
| 149|0x00000007e9500000, 0x00000007e9500000, 0x00000007e9600000|  0%| F|  |TAMS 0x00000007e9500000, 0x00000007e9500000| Untracked 
| 150|0x00000007e9600000, 0x00000007e9600000, 0x00000007e9700000|  0%| F|  |TAMS 0x00000007e9600000, 0x00000007e9600000| Untracked 
| 151|0x00000007e9700000, 0x00000007e9700000, 0x00000007e9800000|  0%| F|  |TAMS 0x00000007e9700000, 0x00000007e9700000| Untracked 
| 152|0x00000007e9800000, 0x00000007e9800000, 0x00000007e9900000|  0%| F|  |TAMS 0x00000007e9800000, 0x00000007e9800000| Untracked 
| 153|0x00000007e9900000, 0x00000007e9900000, 0x00000007e9a00000|  0%| F|  |TAMS 0x00000007e9900000, 0x00000007e9900000| Untracked 
| 154|0x00000007e9a00000, 0x00000007e9a00000, 0x00000007e9b00000|  0%| F|  |TAMS 0x00000007e9a00000, 0x00000007e9a00000| Untracked 
| 155|0x00000007e9b00000, 0x00000007e9b00000, 0x00000007e9c00000|  0%| F|  |TAMS 0x00000007e9b00000, 0x00000007e9b00000| Untracked 
| 156|0x00000007e9c00000, 0x00000007e9c00000, 0x00000007e9d00000|  0%| F|  |TAMS 0x00000007e9c00000, 0x00000007e9c00000| Untracked 
| 157|0x00000007e9d00000, 0x00000007e9d00000, 0x00000007e9e00000|  0%| F|  |TAMS 0x00000007e9d00000, 0x00000007e9d00000| Untracked 
| 158|0x00000007e9e00000, 0x00000007e9e00000, 0x00000007e9f00000|  0%| F|  |TAMS 0x00000007e9e00000, 0x00000007e9e00000| Untracked 
| 159|0x00000007e9f00000, 0x00000007e9f00000, 0x00000007ea000000|  0%| F|  |TAMS 0x00000007e9f00000, 0x00000007e9f00000| Untracked 
| 160|0x00000007ea000000, 0x00000007ea000000, 0x00000007ea100000|  0%| F|  |TAMS 0x00000007ea000000, 0x00000007ea000000| Untracked 
| 161|0x00000007ea100000, 0x00000007ea100000, 0x00000007ea200000|  0%| F|  |TAMS 0x00000007ea100000, 0x00000007ea100000| Untracked 
| 162|0x00000007ea200000, 0x00000007ea200000, 0x00000007ea300000|  0%| F|  |TAMS 0x00000007ea200000, 0x00000007ea200000| Untracked 
| 163|0x00000007ea300000, 0x00000007ea300000, 0x00000007ea400000|  0%| F|  |TAMS 0x00000007ea300000, 0x00000007ea300000| Untracked 
| 164|0x00000007ea400000, 0x00000007ea400000, 0x00000007ea500000|  0%| F|  |TAMS 0x00000007ea400000, 0x00000007ea400000| Untracked 
| 165|0x00000007ea500000, 0x00000007ea500000, 0x00000007ea600000|  0%| F|  |TAMS 0x00000007ea500000, 0x00000007ea500000| Untracked 
| 166|0x00000007ea600000, 0x00000007ea600000, 0x00000007ea700000|  0%| F|  |TAMS 0x00000007ea600000, 0x00000007ea600000| Untracked 
| 167|0x00000007ea700000, 0x00000007ea700000, 0x00000007ea800000|  0%| F|  |TAMS 0x00000007ea700000, 0x00000007ea700000| Untracked 
| 168|0x00000007ea800000, 0x00000007ea800000, 0x00000007ea900000|  0%| F|  |TAMS 0x00000007ea800000, 0x00000007ea800000| Untracked 
| 169|0x00000007ea900000, 0x00000007ea900000, 0x00000007eaa00000|  0%| F|  |TAMS 0x00000007ea900000, 0x00000007ea900000| Untracked 
| 170|0x00000007eaa00000, 0x00000007eaa00000, 0x00000007eab00000|  0%| F|  |TAMS 0x00000007eaa00000, 0x00000007eaa00000| Untracked 
| 171|0x00000007eab00000, 0x00000007eab00000, 0x00000007eac00000|  0%| F|  |TAMS 0x00000007eab00000, 0x00000007eab00000| Untracked 
| 172|0x00000007eac00000, 0x00000007eac00000, 0x00000007ead00000|  0%| F|  |TAMS 0x00000007eac00000, 0x00000007eac00000| Untracked 
| 173|0x00000007ead00000, 0x00000007ead00000, 0x00000007eae00000|  0%| F|  |TAMS 0x00000007ead00000, 0x00000007ead00000| Untracked 
| 174|0x00000007eae00000, 0x00000007eae00000, 0x00000007eaf00000|  0%| F|  |TAMS 0x00000007eae00000, 0x00000007eae00000| Untracked 
| 175|0x00000007eaf00000, 0x00000007eaf00000, 0x00000007eb000000|  0%| F|  |TAMS 0x00000007eaf00000, 0x00000007eaf00000| Untracked 
| 176|0x00000007eb000000, 0x00000007eb000000, 0x00000007eb100000|  0%| F|  |TAMS 0x00000007eb000000, 0x00000007eb000000| Untracked 
| 177|0x00000007eb100000, 0x00000007eb100000, 0x00000007eb200000|  0%| F|  |TAMS 0x00000007eb100000, 0x00000007eb100000| Untracked 
| 178|0x00000007eb200000, 0x00000007eb200000, 0x00000007eb300000|  0%| F|  |TAMS 0x00000007eb200000, 0x00000007eb200000| Untracked 
| 179|0x00000007eb300000, 0x00000007eb300000, 0x00000007eb400000|  0%| F|  |TAMS 0x00000007eb300000, 0x00000007eb300000| Untracked 
| 180|0x00000007eb400000, 0x00000007eb400000, 0x00000007eb500000|  0%| F|  |TAMS 0x00000007eb400000, 0x00000007eb400000| Untracked 
| 181|0x00000007eb500000, 0x00000007eb500000, 0x00000007eb600000|  0%| F|  |TAMS 0x00000007eb500000, 0x00000007eb500000| Untracked 
| 182|0x00000007eb600000, 0x00000007eb600000, 0x00000007eb700000|  0%| F|  |TAMS 0x00000007eb600000, 0x00000007eb600000| Untracked 
| 183|0x00000007eb700000, 0x00000007eb700000, 0x00000007eb800000|  0%| F|  |TAMS 0x00000007eb700000, 0x00000007eb700000| Untracked 
| 184|0x00000007eb800000, 0x00000007eb800000, 0x00000007eb900000|  0%| F|  |TAMS 0x00000007eb800000, 0x00000007eb800000| Untracked 
| 185|0x00000007eb900000, 0x00000007eb900000, 0x00000007eba00000|  0%| F|  |TAMS 0x00000007eb900000, 0x00000007eb900000| Untracked 
| 186|0x00000007eba00000, 0x00000007eba00000, 0x00000007ebb00000|  0%| F|  |TAMS 0x00000007eba00000, 0x00000007eba00000| Untracked 
| 187|0x00000007ebb00000, 0x00000007ebb00000, 0x00000007ebc00000|  0%| F|  |TAMS 0x00000007ebb00000, 0x00000007ebb00000| Untracked 
| 188|0x00000007ebc00000, 0x00000007ebc00000, 0x00000007ebd00000|  0%| F|  |TAMS 0x00000007ebc00000, 0x00000007ebc00000| Untracked 
| 189|0x00000007ebd00000, 0x00000007ebd00000, 0x00000007ebe00000|  0%| F|  |TAMS 0x00000007ebd00000, 0x00000007ebd00000| Untracked 
| 190|0x00000007ebe00000, 0x00000007ebe00000, 0x00000007ebf00000|  0%| F|  |TAMS 0x00000007ebe00000, 0x00000007ebe00000| Untracked 
| 191|0x00000007ebf00000, 0x00000007ebf00000, 0x00000007ec000000|  0%| F|  |TAMS 0x00000007ebf00000, 0x00000007ebf00000| Untracked 
| 192|0x00000007ec000000, 0x00000007ec000000, 0x00000007ec100000|  0%| F|  |TAMS 0x00000007ec000000, 0x00000007ec000000| Untracked 
| 193|0x00000007ec100000, 0x00000007ec100000, 0x00000007ec200000|  0%| F|  |TAMS 0x00000007ec100000, 0x00000007ec100000| Untracked 
| 194|0x00000007ec200000, 0x00000007ec200000, 0x00000007ec300000|  0%| F|  |TAMS 0x00000007ec200000, 0x00000007ec200000| Untracked 
| 195|0x00000007ec300000, 0x00000007ec300000, 0x00000007ec400000|  0%| F|  |TAMS 0x00000007ec300000, 0x00000007ec300000| Untracked 
| 196|0x00000007ec400000, 0x00000007ec400000, 0x00000007ec500000|  0%| F|  |TAMS 0x00000007ec400000, 0x00000007ec400000| Untracked 
| 197|0x00000007ec500000, 0x00000007ec500000, 0x00000007ec600000|  0%| F|  |TAMS 0x00000007ec500000, 0x00000007ec500000| Untracked 
| 198|0x00000007ec600000, 0x00000007ec600000, 0x00000007ec700000|  0%| F|  |TAMS 0x00000007ec600000, 0x00000007ec600000| Untracked 
| 199|0x00000007ec700000, 0x00000007ec700000, 0x00000007ec800000|  0%| F|  |TAMS 0x00000007ec700000, 0x00000007ec700000| Untracked 
| 200|0x00000007ec800000, 0x00000007ec800000, 0x00000007ec900000|  0%| F|  |TAMS 0x00000007ec800000, 0x00000007ec800000| Untracked 
| 201|0x00000007ec900000, 0x00000007ec900000, 0x00000007eca00000|  0%| F|  |TAMS 0x00000007ec900000, 0x00000007ec900000| Untracked 
| 202|0x00000007eca00000, 0x00000007eca00000, 0x00000007ecb00000|  0%| F|  |TAMS 0x00000007eca00000, 0x00000007eca00000| Untracked 
| 203|0x00000007ecb00000, 0x00000007ecb00000, 0x00000007ecc00000|  0%| F|  |TAMS 0x00000007ecb00000, 0x00000007ecb00000| Untracked 
| 204|0x00000007ecc00000, 0x00000007ecc00000, 0x00000007ecd00000|  0%| F|  |TAMS 0x00000007ecc00000, 0x00000007ecc00000| Untracked 
| 205|0x00000007ecd00000, 0x00000007ecd00000, 0x00000007ece00000|  0%| F|  |TAMS 0x00000007ecd00000, 0x00000007ecd00000| Untracked 
| 206|0x00000007ece00000, 0x00000007ece00000, 0x00000007ecf00000|  0%| F|  |TAMS 0x00000007ece00000, 0x00000007ece00000| Untracked 
| 207|0x00000007ecf00000, 0x00000007ecf00000, 0x00000007ed000000|  0%| F|  |TAMS 0x00000007ecf00000, 0x00000007ecf00000| Untracked 
| 208|0x00000007ed000000, 0x00000007ed000000, 0x00000007ed100000|  0%| F|  |TAMS 0x00000007ed000000, 0x00000007ed000000| Untracked 
| 209|0x00000007ed100000, 0x00000007ed100000, 0x00000007ed200000|  0%| F|  |TAMS 0x00000007ed100000, 0x00000007ed100000| Untracked 
| 210|0x00000007ed200000, 0x00000007ed200000, 0x00000007ed300000|  0%| F|  |TAMS 0x00000007ed200000, 0x00000007ed200000| Untracked 
| 211|0x00000007ed300000, 0x00000007ed300000, 0x00000007ed400000|  0%| F|  |TAMS 0x00000007ed300000, 0x00000007ed300000| Untracked 
| 212|0x00000007ed400000, 0x00000007ed400000, 0x00000007ed500000|  0%| F|  |TAMS 0x00000007ed400000, 0x00000007ed400000| Untracked 
| 213|0x00000007ed500000, 0x00000007ed500000, 0x00000007ed600000|  0%| F|  |TAMS 0x00000007ed500000, 0x00000007ed500000| Untracked 
| 214|0x00000007ed600000, 0x00000007ed600000, 0x00000007ed700000|  0%| F|  |TAMS 0x00000007ed600000, 0x00000007ed600000| Untracked 
| 215|0x00000007ed700000, 0x00000007ed700000, 0x00000007ed800000|  0%| F|  |TAMS 0x00000007ed700000, 0x00000007ed700000| Untracked 
| 216|0x00000007ed800000, 0x00000007ed800000, 0x00000007ed900000|  0%| F|  |TAMS 0x00000007ed800000, 0x00000007ed800000| Untracked 
| 217|0x00000007ed900000, 0x00000007ed900000, 0x00000007eda00000|  0%| F|  |TAMS 0x00000007ed900000, 0x00000007ed900000| Untracked 
| 218|0x00000007eda00000, 0x00000007eda00000, 0x00000007edb00000|  0%| F|  |TAMS 0x00000007eda00000, 0x00000007eda00000| Untracked 
| 219|0x00000007edb00000, 0x00000007edb00000, 0x00000007edc00000|  0%| F|  |TAMS 0x00000007edb00000, 0x00000007edb00000| Untracked 
| 220|0x00000007edc00000, 0x00000007edc00000, 0x00000007edd00000|  0%| F|  |TAMS 0x00000007edc00000, 0x00000007edc00000| Untracked 
| 221|0x00000007edd00000, 0x00000007edd00000, 0x00000007ede00000|  0%| F|  |TAMS 0x00000007edd00000, 0x00000007edd00000| Untracked 
| 222|0x00000007ede00000, 0x00000007ede00000, 0x00000007edf00000|  0%| F|  |TAMS 0x00000007ede00000, 0x00000007ede00000| Untracked 
| 223|0x00000007edf00000, 0x00000007edf00000, 0x00000007ee000000|  0%| F|  |TAMS 0x00000007edf00000, 0x00000007edf00000| Untracked 
| 224|0x00000007ee000000, 0x00000007ee000000, 0x00000007ee100000|  0%| F|  |TAMS 0x00000007ee000000, 0x00000007ee000000| Untracked 
| 225|0x00000007ee100000, 0x00000007ee100000, 0x00000007ee200000|  0%| F|  |TAMS 0x00000007ee100000, 0x00000007ee100000| Untracked 
| 226|0x00000007ee200000, 0x00000007ee200000, 0x00000007ee300000|  0%| F|  |TAMS 0x00000007ee200000, 0x00000007ee200000| Untracked 
| 227|0x00000007ee300000, 0x00000007ee300000, 0x00000007ee400000|  0%| F|  |TAMS 0x00000007ee300000, 0x00000007ee300000| Untracked 
| 228|0x00000007ee400000, 0x00000007ee400000, 0x00000007ee500000|  0%| F|  |TAMS 0x00000007ee400000, 0x00000007ee400000| Untracked 
| 229|0x00000007ee500000, 0x00000007ee500000, 0x00000007ee600000|  0%| F|  |TAMS 0x00000007ee500000, 0x00000007ee500000| Untracked 
| 230|0x00000007ee600000, 0x00000007ee600000, 0x00000007ee700000|  0%| F|  |TAMS 0x00000007ee600000, 0x00000007ee600000| Untracked 
| 231|0x00000007ee700000, 0x00000007ee700000, 0x00000007ee800000|  0%| F|  |TAMS 0x00000007ee700000, 0x00000007ee700000| Untracked 
| 232|0x00000007ee800000, 0x00000007ee800000, 0x00000007ee900000|  0%| F|  |TAMS 0x00000007ee800000, 0x00000007ee800000| Untracked 
| 233|0x00000007ee900000, 0x00000007ee900000, 0x00000007eea00000|  0%| F|  |TAMS 0x00000007ee900000, 0x00000007ee900000| Untracked 
| 234|0x00000007eea00000, 0x00000007eea00000, 0x00000007eeb00000|  0%| F|  |TAMS 0x00000007eea00000, 0x00000007eea00000| Untracked 
| 235|0x00000007eeb00000, 0x00000007eeb00000, 0x00000007eec00000|  0%| F|  |TAMS 0x00000007eeb00000, 0x00000007eeb00000| Untracked 
| 236|0x00000007eec00000, 0x00000007eec00000, 0x00000007eed00000|  0%| F|  |TAMS 0x00000007eec00000, 0x00000007eec00000| Untracked 
| 237|0x00000007eed00000, 0x00000007eed00000, 0x00000007eee00000|  0%| F|  |TAMS 0x00000007eed00000, 0x00000007eed00000| Untracked 
| 238|0x00000007eee00000, 0x00000007eee00000, 0x00000007eef00000|  0%| F|  |TAMS 0x00000007eee00000, 0x00000007eee00000| Untracked 
| 239|0x00000007eef00000, 0x00000007eef00000, 0x00000007ef000000|  0%| F|  |TAMS 0x00000007eef00000, 0x00000007eef00000| Untracked 
| 240|0x00000007ef000000, 0x00000007ef000000, 0x00000007ef100000|  0%| F|  |TAMS 0x00000007ef000000, 0x00000007ef000000| Untracked 
| 241|0x00000007ef100000, 0x00000007ef100000, 0x00000007ef200000|  0%| F|  |TAMS 0x00000007ef100000, 0x00000007ef100000| Untracked 
| 242|0x00000007ef200000, 0x00000007ef200000, 0x00000007ef300000|  0%| F|  |TAMS 0x00000007ef200000, 0x00000007ef200000| Untracked 
| 243|0x00000007ef300000, 0x00000007ef300000, 0x00000007ef400000|  0%| F|  |TAMS 0x00000007ef300000, 0x00000007ef300000| Untracked 
| 244|0x00000007ef400000, 0x00000007ef400000, 0x00000007ef500000|  0%| F|  |TAMS 0x00000007ef400000, 0x00000007ef400000| Untracked 
| 245|0x00000007ef500000, 0x00000007ef500000, 0x00000007ef600000|  0%| F|  |TAMS 0x00000007ef500000, 0x00000007ef500000| Untracked 
| 246|0x00000007ef600000, 0x00000007ef600000, 0x00000007ef700000|  0%| F|  |TAMS 0x00000007ef600000, 0x00000007ef600000| Untracked 
| 247|0x00000007ef700000, 0x00000007ef700000, 0x00000007ef800000|  0%| F|  |TAMS 0x00000007ef700000, 0x00000007ef700000| Untracked 
| 248|0x00000007ef800000, 0x00000007ef800000, 0x00000007ef900000|  0%| F|  |TAMS 0x00000007ef800000, 0x00000007ef800000| Untracked 
| 249|0x00000007ef900000, 0x00000007ef900000, 0x00000007efa00000|  0%| F|  |TAMS 0x00000007ef900000, 0x00000007ef900000| Untracked 
| 250|0x00000007efa00000, 0x00000007efa00000, 0x00000007efb00000|  0%| F|  |TAMS 0x00000007efa00000, 0x00000007efa00000| Untracked 
| 251|0x00000007efb00000, 0x00000007efb00000, 0x00000007efc00000|  0%| F|  |TAMS 0x00000007efb00000, 0x00000007efb00000| Untracked 
| 252|0x00000007efc00000, 0x00000007efc00000, 0x00000007efd00000|  0%| F|  |TAMS 0x00000007efc00000, 0x00000007efc00000| Untracked 
| 253|0x00000007efd00000, 0x00000007efd00000, 0x00000007efe00000|  0%| F|  |TAMS 0x00000007efd00000, 0x00000007efd00000| Untracked 
| 254|0x00000007efe00000, 0x00000007efe00000, 0x00000007eff00000|  0%| F|  |TAMS 0x00000007efe00000, 0x00000007efe00000| Untracked 
| 255|0x00000007eff00000, 0x00000007eff47af0, 0x00000007f0000000| 28%| E|  |TAMS 0x00000007eff00000, 0x00000007eff00000| Complete 

Card table byte_map: [0x0000000119a22000,0x0000000119b22000] _byte_map_base: 0x0000000115b22000

Marking Bits (Prev, Next): (CMBitMap*) 0x00007fc4341bc218, (CMBitMap*) 0x00007fc4341bc250
 Prev Bits: [0x000000011ae81000, 0x000000011b681000)
 Next Bits: [0x000000011d54d000, 0x000000011dd4d000)

Polling page: 0x0000000102bcd000

Metaspace:

Usage:
  Non-class:      4.00 MB capacity,     1.07 MB ( 27%) used,     2.93 MB ( 73%) free+waste,    64 bytes ( <1%) overhead. 
      Class:    384.00 KB capacity,    90.03 KB ( 23%) used,   293.91 KB ( 77%) free+waste,    64 bytes ( <1%) overhead. 
       Both:      4.38 MB capacity,     1.16 MB ( 26%) used,     3.22 MB ( 74%) free+waste,   128 bytes ( <1%) overhead. 

Virtual space:
  Non-class space:        8.00 MB reserved,       4.00 MB ( 50%) committed 
      Class space:        1.00 GB reserved,     384.00 KB ( <1%) committed 
             Both:        1.01 GB reserved,       4.38 MB ( <1%) committed 

Chunk freelists:
   Non-Class:  0 bytes
       Class:  0 bytes
        Both:  0 bytes

CodeHeap 'non-profiled nmethods': size=120032Kb used=0Kb max_used=0Kb free=120032Kb
 bounds [0x0000000133de6000, 0x0000000134056000, 0x000000013b31e000]
CodeHeap 'profiled nmethods': size=120032Kb used=0Kb max_used=0Kb free=120032Kb
 bounds [0x000000012c8ae000, 0x000000012cb1e000, 0x0000000133de6000]
CodeHeap 'non-nmethods': size=5696Kb used=335Kb max_used=335Kb free=5361Kb
 bounds [0x000000012c31e000, 0x000000012c58e000, 0x000000012c8ae000]
 total_blobs=109 nmethods=0 adapters=66
 compilation: enabled
              stopped_count=0, restarted_count=0
 full_count=0

Compilation events (0 events):
No events

GC Heap History (0 events):
No events

Deoptimization events (0 events):
No events

Classes redefined (0 events):
No events

Internal exceptions (0 events):
No events

Events (10 events):
Event: 0.035 loading class java/lang/NullPointerException done
Event: 0.035 loading class java/lang/ArithmeticException
Event: 0.035 loading class java/lang/ArithmeticException done
Event: 0.036 Thread 0x00007fc42d639800 Thread added: 0x00007fc42d639800
Event: 0.036 loading class java/io/ObjectStreamField
Event: 0.036 loading class java/io/ObjectStreamField done
Event: 0.036 loading class java/lang/String$CaseInsensitiveComparator
Event: 0.036 loading class java/util/Comparator
Event: 0.036 loading class java/util/Comparator done
Event: 0.036 loading class java/lang/String$CaseInsensitiveComparator done


Dynamic libraries:
0x0000000101e43000 	/Library/Frameworks/R.framework/Versions/3.6/Resources/lib/libR.dylib
0x00007fff3646d000 	/System/Library/Frameworks/AppKit.framework/Versions/C/AppKit
0x00007fff6d5d8000 	/usr/lib/libSystem.B.dylib
0x00007fff6fb05000 	/usr/lib/libz.1.dylib
0x00007fff3a653000 	/System/Library/Frameworks/CoreServices.framework/Versions/A/CoreServices
0x00000001022cf000 	/Applications/RStudio.app/Contents/Frameworks/libssl.1.0.0.dylib
0x0000000102337000 	/Applications/RStudio.app/Contents/Frameworks/libcrypto.1.0.0.dylib
0x00007fff6d8be000 	/usr/lib/libc++.1.dylib
0x00007fff39263000 	/System/Library/Frameworks/CoreFoundation.framework/Versions/A/CoreFoundation
0x00007fff3b928000 	/System/Library/Frameworks/Foundation.framework/Versions/C/Foundation
0x00007fff6f429000 	/usr/lib/libobjc.A.dylib
0x00007fff69e83000 	/System/Library/PrivateFrameworks/UIFoundation.framework/Versions/A/UIFoundation
0x00007fff6466e000 	/System/Library/PrivateFrameworks/RemoteViewServices.framework/Versions/A/RemoteViewServices
0x00007fff6c913000 	/System/Library/PrivateFrameworks/XCTTargetBootstrap.framework/Versions/A/XCTTargetBootstrap
0x00007fff39153000 	/System/Library/Frameworks/CoreDisplay.framework/Versions/A/CoreDisplay
0x00007fff3e6a0000 	/System/Library/Frameworks/Metal.framework/Versions/A/Metal
0x00007fff52aa5000 	/System/Library/PrivateFrameworks/DesktopServicesPriv.framework/Versions/A/DesktopServicesPriv
0x00007fff6e70e000 	/usr/lib/liblangid.dylib
0x00007fff51bfc000 	/System/Library/PrivateFrameworks/CoreSVG.framework/Versions/A/CoreSVG
0x00007fff67430000 	/System/Library/PrivateFrameworks/SkyLight.framework/Versions/A/SkyLight
0x00007fff396e5000 	/System/Library/Frameworks/CoreGraphics.framework/Versions/A/CoreGraphics
0x00007fff3500c000 	/System/Library/Frameworks/Accelerate.framework/Versions/A/Accelerate
0x00007fff6f9f6000 	/usr/lib/libxml2.2.dylib
0x00007fff5d7ad000 	/System/Library/PrivateFrameworks/IconServices.framework/Versions/A/IconServices
0x00007fff3c10c000 	/System/Library/Frameworks/IOSurface.framework/Versions/A/IOSurface
0x00007fff6d110000 	/usr/lib/libDiagnosticMessagesClient.dylib
0x00007fff37278000 	/System/Library/Frameworks/ApplicationServices.framework/Versions/A/ApplicationServices
0x00007fff5291e000 	/System/Library/PrivateFrameworks/DFRFoundation.framework/Versions/A/DFRFoundation
0x00007fff6e49c000 	/usr/lib/libicucore.A.dylib
0x00007fff375aa000 	/System/Library/Frameworks/AudioToolbox.framework/Versions/A/AudioToolbox
0x00007fff3768c000 	/System/Library/Frameworks/AudioUnit.framework/Versions/A/AudioUnit
0x00007fff6d7d9000 	/usr/lib/libauto.dylib
0x00007fff38d70000 	/System/Library/Frameworks/CoreData.framework/Versions/A/CoreData
0x00007fff5299f000 	/System/Library/PrivateFrameworks/DataDetectorsCore.framework/Versions/A/DataDetectorsCore
0x00007fff37e0d000 	/System/Library/Frameworks/Carbon.framework/Versions/A/Frameworks/HIToolbox.framework/Versions/A/HIToolbox
0x00007fff44aeb000 	/System/Library/Frameworks/QuartzCore.framework/Versions/A/QuartzCore
0x00007fff458b9000 	/System/Library/Frameworks/Security.framework/Versions/A/Security
0x00007fff3814c000 	/System/Library/Frameworks/Carbon.framework/Versions/A/Frameworks/SpeechRecognition.framework/Versions/A/SpeechRecognition
0x00007fff522a4000 	/System/Library/PrivateFrameworks/CoreUI.framework/Versions/A/CoreUI
0x00007fff387d6000 	/System/Library/Frameworks/CoreAudio.framework/Versions/A/CoreAudio
0x00007fff3b5f0000 	/System/Library/Frameworks/DiskArbitration.framework/Versions/A/DiskArbitration
0x00007fff5f7c1000 	/System/Library/PrivateFrameworks/MultitouchSupport.framework/Versions/A/MultitouchSupport
0x00007fff6e362000 	/usr/lib/libenergytrace.dylib
0x00007fff3c067000 	/System/Library/Frameworks/IOKit.framework/Versions/A/IOKit
0x00007fff618cb000 	/System/Library/PrivateFrameworks/PerformanceAnalysis.framework/Versions/A/PerformanceAnalysis
0x00007fff43b21000 	/System/Library/Frameworks/OpenGL.framework/Versions/A/OpenGL
0x00007fff382fb000 	/System/Library/Frameworks/ColorSync.framework/Versions/A/ColorSync
0x00007fff39d6c000 	/System/Library/Frameworks/CoreImage.framework/Versions/A/CoreImage
0x00007fff3b0c9000 	/System/Library/Frameworks/CoreText.framework/Versions/A/CoreText
0x00007fff3c192000 	/System/Library/Frameworks/ImageIO.framework/Versions/A/ImageIO
0x00007fff6d93a000 	/usr/lib/libcompression.dylib
0x00007fff6d452000 	/usr/lib/libMobileGestalt.dylib
0x00007fff68f65000 	/System/Library/PrivateFrameworks/TextureIO.framework/Versions/A/TextureIO
0x00007fff6d73f000 	/usr/lib/libate.dylib
0x00007fff5d9b6000 	/System/Library/PrivateFrameworks/InternationalSupport.framework/Versions/A/InternationalSupport
0x00007fff7057b000 	/usr/lib/system/libcache.dylib
0x00007fff70581000 	/usr/lib/system/libcommonCrypto.dylib
0x00007fff7058d000 	/usr/lib/system/libcompiler_rt.dylib
0x00007fff70595000 	/usr/lib/system/libcopyfile.dylib
0x00007fff7059f000 	/usr/lib/system/libcorecrypto.dylib
0x00007fff7074d000 	/usr/lib/system/libdispatch.dylib
0x00007fff7078f000 	/usr/lib/system/libdyld.dylib
0x00007fff707c5000 	/usr/lib/system/libkeymgr.dylib
0x00007fff707d3000 	/usr/lib/system/liblaunch.dylib
0x00007fff707d4000 	/usr/lib/system/libmacho.dylib
0x00007fff707da000 	/usr/lib/system/libquarantine.dylib
0x00007fff707dd000 	/usr/lib/system/libremovefile.dylib
0x00007fff707df000 	/usr/lib/system/libsystem_asl.dylib
0x00007fff707f7000 	/usr/lib/system/libsystem_blocks.dylib
0x00007fff707f8000 	/usr/lib/system/libsystem_c.dylib
0x00007fff70880000 	/usr/lib/system/libsystem_configuration.dylib
0x00007fff70884000 	/usr/lib/system/libsystem_coreservices.dylib
0x00007fff70888000 	/usr/lib/system/libsystem_darwin.dylib
0x00007fff70891000 	/usr/lib/system/libsystem_dnssd.dylib
0x00007fff70899000 	/usr/lib/system/libsystem_featureflags.dylib
0x00007fff7089b000 	/usr/lib/system/libsystem_info.dylib
0x00007fff70916000 	/usr/lib/system/libsystem_m.dylib
0x00007fff7095e000 	/usr/lib/system/libsystem_malloc.dylib
0x00007fff70986000 	/usr/lib/system/libsystem_networkextension.dylib
0x00007fff70994000 	/usr/lib/system/libsystem_notify.dylib
0x00007fff709b3000 	/usr/lib/system/libsystem_sandbox.dylib
0x00007fff709b8000 	/usr/lib/system/libsystem_secinit.dylib
0x00007fff708e9000 	/usr/lib/system/libsystem_kernel.dylib
0x00007fff7099e000 	/usr/lib/system/libsystem_platform.dylib
0x00007fff709a8000 	/usr/lib/system/libsystem_pthread.dylib
0x00007fff709bb000 	/usr/lib/system/libsystem_symptoms.dylib
0x00007fff709c3000 	/usr/lib/system/libsystem_trace.dylib
0x00007fff709db000 	/usr/lib/system/libunwind.dylib
0x00007fff709e1000 	/usr/lib/system/libxpc.dylib
0x00007fff6d912000 	/usr/lib/libc++abi.dylib
0x00007fff6e710000 	/usr/lib/liblzma.5.dylib
0x00007fff6e38a000 	/usr/lib/libfakelink.dylib
0x00007fff6d6cc000 	/usr/lib/libarchive.2.dylib
0x00007fff46a59000 	/System/Library/Frameworks/SystemConfiguration.framework/Versions/A/SystemConfiguration
0x00007fff6d041000 	/usr/lib/libCRFSuite.dylib
0x00007fff37a02000 	/System/Library/Frameworks/CFNetwork.framework/Versions/A/CFNetwork
0x00007fff6d8a0000 	/usr/lib/libbsm.0.dylib
0x00007fff707c6000 	/usr/lib/system/libkxld.dylib
0x00007fff4c3e0000 	/System/Library/PrivateFrameworks/AppleFSCompression.framework/Versions/A/AppleFSCompression
0x00007fff6dc21000 	/usr/lib/libcoretls.dylib
0x00007fff6dc38000 	/usr/lib/libcoretls_cfhelpers.dylib
0x00007fff6f46d000 	/usr/lib/libpam.2.dylib
0x00007fff6f5a0000 	/usr/lib/libsqlite3.dylib
0x00007fff6f9e3000 	/usr/lib/libxar.1.dylib
0x00007fff6d8b1000 	/usr/lib/libbz2.1.0.dylib
0x00007fff6e3ab000 	/usr/lib/libiconv.2.dylib
0x00007fff6d927000 	/usr/lib/libcharset.1.dylib
0x00007fff6ef14000 	/usr/lib/libnetwork.dylib
0x00007fff6f474000 	/usr/lib/libpcap.A.dylib
0x00007fff6d681000 	/usr/lib/libapple_nghttp2.dylib
0x00007fff3aa0a000 	/System/Library/Frameworks/CoreServices.framework/Versions/A/Frameworks/FSEvents.framework/Versions/A/FSEvents
0x00007fff3a6da000 	/System/Library/Frameworks/CoreServices.framework/Versions/A/Frameworks/CarbonCore.framework/Versions/A/CarbonCore
0x00007fff3ac4d000 	/System/Library/Frameworks/CoreServices.framework/Versions/A/Frameworks/Metadata.framework/Versions/A/Metadata
0x00007fff3ace6000 	/System/Library/Frameworks/CoreServices.framework/Versions/A/Frameworks/OSServices.framework/Versions/A/OSServices
0x00007fff3ad14000 	/System/Library/Frameworks/CoreServices.framework/Versions/A/Frameworks/SearchKit.framework/Versions/A/SearchKit
0x00007fff3a654000 	/System/Library/Frameworks/CoreServices.framework/Versions/A/Frameworks/AE.framework/Versions/A/AE
0x00007fff3aa13000 	/System/Library/Frameworks/CoreServices.framework/Versions/A/Frameworks/LaunchServices.framework/Versions/A/LaunchServices
0x00007fff3a9bc000 	/System/Library/Frameworks/CoreServices.framework/Versions/A/Frameworks/DictionaryServices.framework/Versions/A/DictionaryServices
0x00007fff3ad7c000 	/System/Library/Frameworks/CoreServices.framework/Versions/A/Frameworks/SharedFileList.framework/Versions/A/SharedFileList
0x00007fff3f975000 	/System/Library/Frameworks/NetFS.framework/Versions/A/NetFS
0x00007fff5fcee000 	/System/Library/PrivateFrameworks/NetAuth.framework/Versions/A/NetAuth
0x00007fff6ccde000 	/System/Library/PrivateFrameworks/login.framework/Versions/A/Frameworks/loginsupport.framework/Versions/A/loginsupport
0x00007fff68a60000 	/System/Library/PrivateFrameworks/TCC.framework/Versions/A/TCC
0x00007fff50fcb000 	/System/Library/PrivateFrameworks/CoreNLP.framework/Versions/A/CoreNLP
0x00007fff5f1f1000 	/System/Library/PrivateFrameworks/MetadataUtilities.framework/Versions/A/MetadataUtilities
0x00007fff6e7e8000 	/usr/lib/libmecabra.dylib
0x00007fff6e740000 	/usr/lib/libmecab.dylib
0x00007fff6e39b000 	/usr/lib/libgermantok.dylib
0x00007fff6d668000 	/usr/lib/libThaiTokenizer.dylib
0x00007fff6d079000 	/usr/lib/libChineseTokenizer.dylib
0x00007fff35024000 	/System/Library/Frameworks/Accelerate.framework/Versions/A/Frameworks/vImage.framework/Versions/A/vImage
0x00007fff362c7000 	/System/Library/Frameworks/Accelerate.framework/Versions/A/Frameworks/vecLib.framework/Versions/A/vecLib
0x00007fff3620b000 	/System/Library/Frameworks/Accelerate.framework/Versions/A/Frameworks/vecLib.framework/Versions/A/libvMisc.dylib
0x00007fff36031000 	/System/Library/Frameworks/Accelerate.framework/Versions/A/Frameworks/vecLib.framework/Versions/A/libvDSP.dylib
0x00007fff35690000 	/System/Library/Frameworks/Accelerate.framework/Versions/A/Frameworks/vecLib.framework/Versions/A/libBLAS.dylib
0x00007fff35beb000 	/System/Library/Frameworks/Accelerate.framework/Versions/A/Frameworks/vecLib.framework/Versions/A/libLAPACK.dylib
0x00007fff35f91000 	/System/Library/Frameworks/Accelerate.framework/Versions/A/Frameworks/vecLib.framework/Versions/A/libLinearAlgebra.dylib
0x00007fff3601e000 	/System/Library/Frameworks/Accelerate.framework/Versions/A/Frameworks/vecLib.framework/Versions/A/libSparseBLAS.dylib
0x00007fff35fa7000 	/System/Library/Frameworks/Accelerate.framework/Versions/A/Frameworks/vecLib.framework/Versions/A/libQuadrature.dylib
0x00007fff358fa000 	/System/Library/Frameworks/Accelerate.framework/Versions/A/Frameworks/vecLib.framework/Versions/A/libBNNS.dylib
0x00007fff35fad000 	/System/Library/Frameworks/Accelerate.framework/Versions/A/Frameworks/vecLib.framework/Versions/A/libSparse.dylib
0x00007fff5dd75000 	/System/Library/PrivateFrameworks/LanguageModeling.framework/Versions/A/LanguageModeling
0x00007fff50967000 	/System/Library/PrivateFrameworks/CoreEmoji.framework/Versions/A/CoreEmoji
0x00007fff5de93000 	/System/Library/PrivateFrameworks/LinguisticData.framework/Versions/A/LinguisticData
0x00007fff5de44000 	/System/Library/PrivateFrameworks/Lexicon.framework/Versions/A/Lexicon
0x00007fff6d928000 	/usr/lib/libcmph.dylib
0x00007fff42547000 	/System/Library/Frameworks/OpenDirectory.framework/Versions/A/Frameworks/CFOpenDirectory.framework/Versions/A/CFOpenDirectory
0x00007fff42564000 	/System/Library/Frameworks/OpenDirectory.framework/Versions/A/OpenDirectory
0x00007fff4a832000 	/System/Library/PrivateFrameworks/APFS.framework/Versions/A/APFS
0x00007fff45c0c000 	/System/Library/Frameworks/SecurityFoundation.framework/Versions/A/SecurityFoundation
0x00007fff6f9df000 	/usr/lib/libutil.dylib
0x00007fff51c54000 	/System/Library/PrivateFrameworks/CoreServicesStore.framework/Versions/A/CoreServicesStore
0x00007fff45cc4000 	/System/Library/Frameworks/ServiceManagement.framework/Versions/A/ServiceManagement
0x00007fff4db97000 	/System/Library/PrivateFrameworks/BackgroundTaskManagement.framework/Versions/A/BackgroundTaskManagement
0x00007fff6fadc000 	/usr/lib/libxslt.1.dylib
0x00007fff4ca45000 	/System/Library/PrivateFrameworks/AppleSystemInfo.framework/Versions/A/AppleSystemInfo
0x00007fff3c3af000 	/System/Library/Frameworks/ImageIO.framework/Versions/A/Resources/libJPEG.dylib
0x00007fff3c66e000 	/System/Library/Frameworks/ImageIO.framework/Versions/A/Resources/libTIFF.dylib
0x00007fff3c651000 	/System/Library/Frameworks/ImageIO.framework/Versions/A/Resources/libPng.dylib
0x00007fff3c2f0000 	/System/Library/Frameworks/ImageIO.framework/Versions/A/Resources/libGIF.dylib
0x00007fff3c2f4000 	/System/Library/Frameworks/ImageIO.framework/Versions/A/Resources/libJP2.dylib
0x00007fff3c66c000 	/System/Library/Frameworks/ImageIO.framework/Versions/A/Resources/libRadiance.dylib
0x00007fff6e363000 	/usr/lib/libexpat.1.dylib
0x00007fff4c53b000 	/System/Library/PrivateFrameworks/AppleJPEG.framework/Versions/A/AppleJPEG
0x00007fff54eab000 	/System/Library/PrivateFrameworks/FontServices.framework/libFontParser.dylib
0x00007fff6bd35000 	/System/Library/PrivateFrameworks/WatchdogClient.framework/Versions/A/WatchdogClient
0x00007fff5d402000 	/System/Library/PrivateFrameworks/IOAccelerator.framework/Versions/A/IOAccelerator
0x00007fff3ea2e000 	/System/Library/Frameworks/MetalPerformanceShaders.framework/Versions/A/MetalPerformanceShaders
0x00007fff59bf9000 	/System/Library/PrivateFrameworks/GPUWrangler.framework/Versions/A/GPUWrangler
0x00007fff5d40d000 	/System/Library/PrivateFrameworks/IOPresentment.framework/Versions/A/IOPresentment
0x00007fff52931000 	/System/Library/PrivateFrameworks/DSExternalDisplay.framework/Versions/A/DSExternalDisplay
0x00007fff42ecd000 	/System/Library/Frameworks/OpenGL.framework/Versions/A/Libraries/libCoreFSCache.dylib
0x00007fff3e780000 	/System/Library/Frameworks/MetalPerformanceShaders.framework/Frameworks/MPSCore.framework/Versions/A/MPSCore
0x00007fff3e7bd000 	/System/Library/Frameworks/MetalPerformanceShaders.framework/Frameworks/MPSImage.framework/Versions/A/MPSImage
0x00007fff3e87f000 	/System/Library/Frameworks/MetalPerformanceShaders.framework/Frameworks/MPSNeuralNetwork.framework/Versions/A/MPSNeuralNetwork
0x00007fff3e844000 	/System/Library/Frameworks/MetalPerformanceShaders.framework/Frameworks/MPSMatrix.framework/Versions/A/MPSMatrix
0x00007fff3e9df000 	/System/Library/Frameworks/MetalPerformanceShaders.framework/Frameworks/MPSRayIntersector.framework/Versions/A/MPSRayIntersector
0x00007fff3e869000 	/System/Library/Frameworks/MetalPerformanceShaders.framework/Frameworks/MPSNDArray.framework/Versions/A/MPSNDArray
0x00007fff5f23e000 	/System/Library/PrivateFrameworks/MetalTools.framework/Versions/A/MetalTools
0x00007fff4b9e9000 	/System/Library/PrivateFrameworks/AggregateDictionary.framework/Versions/A/AggregateDictionary
0x00007fff503f1000 	/System/Library/PrivateFrameworks/CoreAnalytics.framework/Versions/A/CoreAnalytics
0x00007fff4c963000 	/System/Library/PrivateFrameworks/AppleSauce.framework/Versions/A/AppleSauce
0x00007fff6d335000 	/usr/lib/libIOReport.dylib
0x00007fff3b27e000 	/System/Library/Frameworks/CoreVideo.framework/Versions/A/CoreVideo
0x00007fff5b065000 	/System/Library/PrivateFrameworks/GraphVisualizer.framework/Versions/A/GraphVisualizer
0x00007fff5442c000 	/System/Library/PrivateFrameworks/FaceCore.framework/Versions/A/FaceCore
0x00007fff424ee000 	/System/Library/Frameworks/OpenCL.framework/Versions/A/OpenCL
0x00007fff6d157000 	/usr/lib/libFosl_dynamic.dylib
0x00007fff606e9000 	/System/Library/PrivateFrameworks/OTSVG.framework/Versions/A/OTSVG
0x00007fff3737d000 	/System/Library/Frameworks/ApplicationServices.framework/Versions/A/Frameworks/ATS.framework/Versions/A/Resources/libFontRegistry.dylib
0x00007fff5507c000 	/System/Library/PrivateFrameworks/FontServices.framework/libhvf.dylib
0x00007fff42ed8000 	/System/Library/Frameworks/OpenGL.framework/Versions/A/Libraries/libGFXShared.dylib
0x00007fff430b5000 	/System/Library/Frameworks/OpenGL.framework/Versions/A/Libraries/libGLU.dylib
0x00007fff42ee1000 	/System/Library/Frameworks/OpenGL.framework/Versions/A/Libraries/libGL.dylib
0x00007fff42eec000 	/System/Library/Frameworks/OpenGL.framework/Versions/A/Libraries/libGLImage.dylib
0x00007fff42eca000 	/System/Library/Frameworks/OpenGL.framework/Versions/A/Libraries/libCVMSPluginSupport.dylib
0x00007fff42ed3000 	/System/Library/Frameworks/OpenGL.framework/Versions/A/Libraries/libCoreVMClient.dylib
0x00007fff6edb6000 	/usr/lib/libncurses.5.4.dylib
0x00007fff37279000 	/System/Library/Frameworks/ApplicationServices.framework/Versions/A/Frameworks/ATS.framework/Versions/A/ATS
0x00007fff37446000 	/System/Library/Frameworks/ApplicationServices.framework/Versions/A/Frameworks/ColorSyncLegacy.framework/Versions/A/ColorSyncLegacy
0x00007fff374e5000 	/System/Library/Frameworks/ApplicationServices.framework/Versions/A/Frameworks/HIServices.framework/Versions/A/HIServices
0x00007fff3753c000 	/System/Library/Frameworks/ApplicationServices.framework/Versions/A/Frameworks/LangAnalysis.framework/Versions/A/LangAnalysis
0x00007fff3754b000 	/System/Library/Frameworks/ApplicationServices.framework/Versions/A/Frameworks/PrintCore.framework/Versions/A/PrintCore
0x00007fff37591000 	/System/Library/Frameworks/ApplicationServices.framework/Versions/A/Frameworks/QD.framework/Versions/A/QD
0x00007fff3759c000 	/System/Library/Frameworks/ApplicationServices.framework/Versions/A/Frameworks/SpeechSynthesis.framework/Versions/A/SpeechSynthesis
0x00007fff37416000 	/System/Library/Frameworks/ApplicationServices.framework/Versions/A/Frameworks/ATSUI.framework/Versions/A/ATSUI
0x00007fff6e1f7000 	/usr/lib/libcups.2.dylib
0x00007fff3dadd000 	/System/Library/Frameworks/Kerberos.framework/Versions/A/Kerberos
0x00007fff3bd5d000 	/System/Library/Frameworks/GSS.framework/Versions/A/GSS
0x00007fff6f52c000 	/usr/lib/libresolv.9.dylib
0x00007fff5b206000 	/System/Library/PrivateFrameworks/Heimdal.framework/Versions/A/Heimdal
0x00007fff3daf0000 	/System/Library/Frameworks/Kerberos.framework/Versions/A/Libraries/libHeimdalProxy.dylib
0x00007fff6e3a1000 	/usr/lib/libheimdal-asn1.dylib
0x00007fff4f897000 	/System/Library/PrivateFrameworks/CommonAuth.framework/Versions/A/CommonAuth
0x00007fff4cae2000 	/System/Library/PrivateFrameworks/AssertionServices.framework/Versions/A/AssertionServices
0x00007fff4d685000 	/System/Library/PrivateFrameworks/AudioToolboxCore.framework/Versions/A/AudioToolboxCore
0x00007fff6c98f000 	/System/Library/PrivateFrameworks/caulk.framework/Versions/A/caulk
0x00007fff4dc43000 	/System/Library/PrivateFrameworks/BaseBoard.framework/Versions/A/BaseBoard
0x00007fff647fd000 	/System/Library/PrivateFrameworks/RunningBoardServices.framework/Versions/A/RunningBoardServices
0x00007fff618d7000 	/System/Library/PrivateFrameworks/PersistentConnection.framework/Versions/A/PersistentConnection
0x00007fff6424c000 	/System/Library/PrivateFrameworks/ProtocolBuffer.framework/Versions/A/ProtocolBuffer
0x00007fff4f8bc000 	/System/Library/PrivateFrameworks/CommonUtilities.framework/Versions/A/CommonUtilities
0x00007fff4ddc6000 	/System/Library/PrivateFrameworks/Bom.framework/Versions/A/Bom
0x00007fff6d004000 	/usr/lib/libAudioToolboxUtility.dylib
0x00007fff4dba1000 	/System/Library/PrivateFrameworks/Backup.framework/Versions/A/Backup
0x00007fff526a1000 	/System/Library/PrivateFrameworks/CrashReporterSupport.framework/Versions/A/CrashReporterSupport
0x00007fff662f4000 	/System/Library/PrivateFrameworks/Sharing.framework/Versions/A/Sharing
0x00007fff4c286000 	/System/Library/PrivateFrameworks/Apple80211.framework/Versions/A/Apple80211
0x00007fff4d8c3000 	/System/Library/PrivateFrameworks/AuthKit.framework/Versions/A/AuthKit
0x00007fff523d1000 	/System/Library/PrivateFrameworks/CoreUtils.framework/Versions/A/CoreUtils
0x00007fff3b2c3000 	/System/Library/Frameworks/CoreWLAN.framework/Versions/A/CoreWLAN
0x00007fff3bee8000 	/System/Library/Frameworks/IOBluetooth.framework/Versions/A/IOBluetooth
0x00007fff5f53c000 	/System/Library/PrivateFrameworks/MobileKeyBag.framework/Versions/A/MobileKeyBag
0x00007fff514a7000 	/System/Library/PrivateFrameworks/CorePhoneNumbers.framework/Versions/A/CorePhoneNumbers
0x00007fff4c4ee000 	/System/Library/PrivateFrameworks/AppleIDAuthSupport.framework/Versions/A/AppleIDAuthSupport
0x00007fff3f982000 	/System/Library/Frameworks/Network.framework/Versions/A/Network
0x00007fff5dbfd000 	/System/Library/PrivateFrameworks/KeychainCircle.framework/Versions/A/KeychainCircle
0x00007fff38d38000 	/System/Library/Frameworks/CoreBluetooth.framework/Versions/A/CoreBluetooth
0x00007fff67f70000 	/System/Library/PrivateFrameworks/SpeechRecognitionCore.framework/Versions/A/SpeechRecognitionCore
0x00000001024fb000 	/Library/Frameworks/R.framework/Versions/3.6/Resources/lib/libRblas.dylib
0x000000010252a000 	/Library/Frameworks/R.framework/Versions/3.6/Resources/lib/libgfortran.3.dylib
0x00000001026b5000 	/Library/Frameworks/R.framework/Versions/3.6/Resources/lib/libquadmath.0.dylib
0x00000001026fb000 	/Library/Frameworks/R.framework/Versions/3.6/Resources/lib/libreadline.5.2.dylib
0x0000000102739000 	/Library/Frameworks/R.framework/Versions/3.6/Resources/lib/libomp.dylib
0x00000001027cf000 	/Library/Frameworks/R.framework/Versions/3.6/Resources/lib/libgcc_s.1.dylib
0x00000001049fd000 	/Library/Frameworks/R.framework/Versions/3.6/Resources/library/methods/libs/methods.so
0x00000001027f5000 	/Library/Frameworks/R.framework/Versions/3.6/Resources/library/utils/libs/utils.so
0x0000000104939000 	/Library/Frameworks/R.framework/Versions/3.6/Resources/library/grDevices/libs/grDevices.so
0x00007fff6cce1000 	/System/Library/PrivateFrameworks/login.framework/Versions/A/login
0x000000010516a000 	/Library/Frameworks/R.framework/Versions/3.6/Resources/library/graphics/libs/graphics.so
0x00000001051ae000 	/Library/Frameworks/R.framework/Versions/3.6/Resources/library/stats/libs/stats.so
0x0000000105273000 	/Library/Frameworks/R.framework/Versions/3.6/Resources/lib/libRlapack.dylib
0x00000001049d8000 	/Library/Frameworks/R.framework/Versions/3.6/Resources/library/tools/libs/tools.so
0x0000000105e00000 	/Library/Frameworks/R.framework/Versions/3.6/Resources/modules/internet.so
0x00007fff6e258000 	/usr/lib/libcurl.4.dylib
0x00007fff6e0dd000 	/usr/lib/libcrypto.44.dylib
0x00007fff6f881000 	/usr/lib/libssl.46.dylib
0x00007fff3daf1000 	/System/Library/Frameworks/LDAP.framework/Versions/A/LDAP
0x00007fff691a9000 	/System/Library/PrivateFrameworks/TrustEvaluationAgent.framework/Versions/A/TrustEvaluationAgent
0x00007fff6f58b000 	/usr/lib/libsasl2.2.dylib
0x00007fff506db000 	/System/Library/PrivateFrameworks/CoreDaemon.framework/Versions/B/CoreDaemon
0x00007fff4c95e000 	/System/Library/PrivateFrameworks/AppleSRP.framework/Versions/A/AppleSRP
0x000000010621b000 	/Library/Frameworks/R.framework/Versions/3.6/Resources/library/data.table/libs/datatable.so
0x00000001066ba000 	/Library/Frameworks/R.framework/Versions/3.6/Resources/library/stringi/libs/stringi.so
0x0000000106d4d000 	/Library/Frameworks/R.framework/Versions/3.6/Resources/lib/libc++.1.dylib
0x00000001062a0000 	/Library/Frameworks/R.framework/Versions/3.6/Resources/lib/libc++abi.1.dylib
0x00000001087d4000 	/Library/Frameworks/R.framework/Versions/3.6/Resources/library/rlang/libs/rlang.so
0x0000000102806000 	/Library/Frameworks/R.framework/Versions/3.6/Resources/library/tibble/libs/tibble.so
0x0000000108845000 	/Library/Frameworks/R.framework/Versions/3.6/Resources/library/Rcpp/libs/Rcpp.so
0x00000001049f2000 	/Library/Frameworks/R.framework/Versions/3.6/Resources/library/glue/libs/glue.so
0x0000000104c56000 	/Library/Frameworks/R.framework/Versions/3.6/Resources/library/purrr/libs/purrr.so
0x0000000104c86000 	/Library/Frameworks/R.framework/Versions/3.6/Resources/library/tidyselect/libs/tidyselect.so
0x00000001089d1000 	/Library/Frameworks/R.framework/Versions/3.6/Resources/library/dplyr/libs/dplyr.so
0x0000000108cf7000 	/Library/Frameworks/R.framework/Versions/3.6/Resources/library/grid/libs/grid.so
0x00000001049f7000 	/Library/Frameworks/R.framework/Versions/3.6/Resources/library/lattice/libs/lattice.so
0x0000000109124000 	/Library/Frameworks/R.framework/Versions/3.6/Resources/library/Matrix/libs/Matrix.so
0x0000000106552000 	/Library/Frameworks/R.framework/Versions/3.6/Resources/library/SnowballC/libs/SnowballC.so
0x00000001055da000 	/Library/Frameworks/R.framework/Versions/3.6/Resources/library/tokenizers/libs/tokenizers.so
0x0000000105f71000 	/Library/Frameworks/R.framework/Versions/3.6/Resources/library/nlme/libs/nlme.so
0x0000000106650000 	/Library/Frameworks/R.framework/Versions/3.6/Resources/library/vctrs/libs/vctrs.so
0x0000000104b5b000 	/Library/Frameworks/R.framework/Versions/3.6/Resources/library/backports/libs/backports.so
0x0000000109356000 	/Library/Frameworks/R.framework/Versions/3.6/Resources/library/tidyr/libs/tidyr.so
0x0000000104c60000 	/Library/Frameworks/R.framework/Versions/3.6/Resources/library/colorspace/libs/colorspace.so
0x0000000104b5f000 	/Library/Frameworks/R.framework/Versions/3.6/Resources/library/lazyeval/libs/lazyeval.so
0x00000001094d2000 	/Library/Frameworks/R.framework/Versions/3.6/Resources/library/RcppParallel/lib/libtbb.dylib
0x00007fff6f4ab000 	/usr/lib/libpcre.0.dylib
0x0000000109514000 	/Library/Frameworks/R.framework/Versions/3.6/Resources/library/RcppParallel/lib/libtbbmalloc.dylib
0x0000000104bb2000 	/Library/Frameworks/R.framework/Versions/3.6/Resources/library/RcppParallel/libs/RcppParallel.so
0x0000000104bb7000 	/Library/Frameworks/R.framework/Versions/3.6/Resources/library/fastmatch/libs/fastmatch.so
0x000000010993d000 	/Library/Frameworks/R.framework/Versions/3.6/Resources/library/lubridate/libs/lubridate.so
0x0000000109a8b000 	/Library/Frameworks/R.framework/Versions/3.6/Resources/library/quanteda/libs/quanteda.so
0x0000000104b46000 	/Library/Frameworks/R.framework/Versions/3.6/Resources/library/parallel/libs/parallel.so
0x0000000104b4f000 	/Library/Frameworks/R.framework/Versions/3.6/Resources/library/slam/libs/slam.so
0x0000000109623000 	/Library/Frameworks/R.framework/Versions/3.6/Resources/library/xml2/libs/xml2.so
0x000000010954f000 	/Library/Frameworks/R.framework/Versions/3.6/Resources/library/tm/libs/tm.so
0x0000000109d9d000 	/Library/Frameworks/R.framework/Versions/3.6/Resources/library/digest/libs/digest.so
0x0000000109ebd000 	/Library/Frameworks/R.framework/Versions/3.6/Resources/library/text2vec/libs/text2vec.so
0x00007fff3df59000 	/System/Library/Frameworks/MediaToolbox.framework/Versions/A/MediaToolbox
0x00007fff503a0000 	/System/Library/PrivateFrameworks/CoreAVCHD.framework/Versions/A/CoreAVCHD
0x00007fff3de83000 	/System/Library/Frameworks/MediaAccessibility.framework/Versions/A/MediaAccessibility
0x00007fff5e731000 	/System/Library/PrivateFrameworks/Mangrove.framework/Versions/A/Mangrove
0x00007fff3a48d000 	/System/Library/Frameworks/CoreMedia.framework/Versions/A/CoreMedia
0x00007fff5e99d000 	/System/Library/PrivateFrameworks/MediaExperience.framework/Versions/A/MediaExperience
0x00007fff46d3f000 	/System/Library/Frameworks/VideoToolbox.framework/Versions/A/VideoToolbox
0x00007fff4ffca000 	/System/Library/PrivateFrameworks/CoreAUC.framework/Versions/A/CoreAUC
0x00007fff6f59e000 	/usr/lib/libspindump.dylib
0x00007fff4d030000 	/System/Library/PrivateFrameworks/AudioResourceArbitration.framework/Versions/A/AudioResourceArbitration
0x00007fff4ca49000 	/System/Library/PrivateFrameworks/AppleVA.framework/Versions/A/AppleVA
0x00007fff3500d000 	/System/Library/Frameworks/Accelerate.framework/Versions/A/Frameworks/vImage.framework/Versions/A/Libraries/libCGInterfaces.dylib
0x00007fff51c20000 	/System/Library/PrivateFrameworks/CoreServicesInternal.framework/Versions/A/CoreServicesInternal
0x0000000108e05000 	/Library/Frameworks/R.framework/Versions/3.6/Resources/library/proxy/libs/proxy.so
0x0000000109dc0000 	/Library/Frameworks/R.framework/Versions/3.6/Resources/modules/lapack.so
0x000000010a0b0000 	/Library/Frameworks/R.framework/Versions/3.6/Resources/library/RJSONIO/libs/RJSONIO.so
0x000000010a168000 	/Library/Frameworks/R.framework/Versions/3.6/Resources/library/later/libs/later.so
0x000000010a30c000 	/Library/Frameworks/R.framework/Versions/3.6/Resources/library/promises/libs/promises.so
0x000000010a323000 	/Library/Frameworks/R.framework/Versions/3.6/Resources/library/httpuv/libs/httpuv.so
0x000000010a467000 	/Library/Frameworks/R.framework/Versions/3.6/Resources/library/jsonlite/libs/jsonlite.so
0x0000000105547000 	/Library/Frameworks/R.framework/Versions/3.6/Resources/library/mime/libs/mime.so
0x000000010bae4000 	/Library/Frameworks/R.framework/Versions/3.6/Resources/library/topicmodels/libs/topicmodels.so
0x000000010bebf000 	/Library/Frameworks/R.framework/Versions/3.6/Resources/library/plyr/libs/plyr.so
0x000000010c09e000 	/Library/Frameworks/R.framework/Versions/3.6/Resources/library/reshape2/libs/reshape2.so
0x00007fff6f983000 	/usr/lib/libusrtcp.dylib
0x000000010c17d000 	/Library/Frameworks/R.framework/Versions/3.6/Resources/library/hunspell/libs/hunspell.so
0x0000000109ce6000 	/Library/Frameworks/R.framework/Versions/3.6/Resources/library/yaml/libs/yaml.so
0x000000010923d000 	/Library/Frameworks/R.framework/Versions/3.6/Resources/library/processx/libs/processx.so
0x0000000109571000 	/Library/Frameworks/R.framework/Versions/3.6/Resources/library/ps/libs/ps.so
0x000000010b4c1000 	/Library/Frameworks/R.framework/Versions/3.6/Resources/library/matrixStats/libs/matrixStats.so
0x000000010ef32000 	/Library/Frameworks/R.framework/Versions/3.6/Resources/library/rstan/libs/rstan.so
0x000000010c670000 	/Library/Frameworks/R.framework/Versions/3.6/Resources/library/udpipe/libs/udpipe.so
0x00000001054a9000 	/Library/Frameworks/R.framework/Versions/3.6/Resources/library/bitops/libs/bitops.so
0x0000000118824000 	/Library/Frameworks/R.framework/Versions/3.6/Resources/library/RCurl/libs/RCurl.so
0x0000000102ba3000 	/Library/Frameworks/R.framework/Versions/3.6/Resources/library/chron/libs/chron.so
0x0000000118ab4000 	/Library/Frameworks/R.framework/Versions/3.6/Resources/library/XML/libs/XML.so
0x0000000118d8c000 	/Library/Frameworks/R.framework/Versions/3.6/Resources/library/igraph/libs/igraph.so
0x0000000102bc0000 	/Library/Frameworks/R.framework/Versions/3.6/Resources/library/gtools/libs/gtools.so
0x00000001191ee000 	/Library/Java/JavaVirtualMachines/jdk-11.0.4.jdk/Contents/Home/lib/jli/libjli.dylib
0x00007fff382ed000 	/System/Library/Frameworks/Cocoa.framework/Versions/A/Cocoa
0x000000011ba84000 	/Library/Java/JavaVirtualMachines/jdk-11.0.4.jdk/Contents/Home/lib/server/libjvm.dylib
0x00000001191fe000 	/Library/Frameworks/R.framework/Versions/3.6/Resources/library/rJava/libs/rJava.so
0x000000011c7cf000 	/Library/Java/JavaVirtualMachines/jdk-11.0.1.jdk/Contents/Home/lib/server/libjvm.dylib
0x00000001192dc000 	/Library/Java/JavaVirtualMachines/jdk-11.0.1.jdk/Contents/Home/lib/libverify.dylib
0x00000001192e8000 	/Library/Java/JavaVirtualMachines/jdk-11.0.1.jdk/Contents/Home/lib/libjava.dylib
0x0000000109735000 	/Library/Java/JavaVirtualMachines/jdk-11.0.1.jdk/Contents/Home/lib/libzip.dylib
0x00000001087cd000 	/Library/Java/JavaVirtualMachines/jdk-11.0.1.jdk/Contents/Home/lib/libjimage.dylib


VM Arguments:
jvm_args: -Djava.awt.headless=true -Xmx512m -Xrs vfprintf exit 
java_command: <unknown>
java_class_path (initial): /Library/Frameworks/R.framework/Versions/3.6/Resources/library/rJava/java/boot
Launcher Type: generic

[Global flags]
     intx CICompilerCount                          = 3                                         {product} {ergonomic}
     uint ConcGCThreads                            = 1                                         {product} {ergonomic}
     uint G1ConcRefinementThreads                  = 4                                         {product} {ergonomic}
   size_t G1HeapRegionSize                         = 1048576                                   {product} {ergonomic}
    uintx GCDrainStackTargetSize                   = 64                                        {product} {ergonomic}
   size_t InitialHeapSize                          = 268435456                                 {product} {ergonomic}
   size_t MarkStackSize                            = 4194304                                   {product} {ergonomic}
   size_t MaxHeapSize                              = 536870912                                 {product} {command line}
   size_t MaxNewSize                               = 321912832                                 {product} {ergonomic}
   size_t MinHeapDeltaBytes                        = 1048576                                   {product} {ergonomic}
    uintx NonNMethodCodeHeapSize                   = 5830092                                {pd product} {ergonomic}
    uintx NonProfiledCodeHeapSize                  = 122914074                              {pd product} {ergonomic}
    uintx ProfiledCodeHeapSize                     = 122914074                              {pd product} {ergonomic}
     bool ReduceSignalUsage                        = true                                      {product} {command line}
    uintx ReservedCodeCacheSize                    = 251658240                              {pd product} {ergonomic}
     bool SegmentedCodeCache                       = true                                      {product} {ergonomic}
     bool UseCompressedClassPointers               = true                                 {lp64_product} {ergonomic}
     bool UseCompressedOops                        = true                                 {lp64_product} {ergonomic}
     bool UseG1GC                                  = true                                      {product} {ergonomic}

Logging:
Log output configuration:
 #0: stdout all=warning uptime,level,tags
 #1: stderr all=off uptime,level,tags

Environment Variables:
PATH=/Library/Frameworks/Python.framework/Versions/3.8/bin:/Library/Frameworks/Python.framework/Versions/3.8/bin:/Users/fionaadams/.jenv/shims:/Users/fionaadams/.jenv/bin:/usr/local/bin:/usr/bin:/bin:/usr/sbin:/sbin:/Library/TeX/texbin
SHELL=/bin/bash
DISPLAY=:0
DYLD_LIBRARY_PATH=/Library/Java/JavaVirtualMachines/jdk-11.0.4.jdk/Contents/Home/lib/server
DYLD_FALLBACK_LIBRARY_PATH=/Library/Frameworks/R.framework/Resources/lib:/Users/fionaadams/lib:/usr/local/lib:/usr/lib:::/lib:/Library/Java/JavaVirtualMachines/jdk-11.0.1.jdk/Contents/Home/lib/server
DYLD_INSERT_LIBRARIES=/Library/Frameworks/R.framework/Resources/lib/libR.dylib

Signal Handlers:
SIGSEGV: [libjvm.dylib+0x7525b4], sa_mask[0]=11111111011111110111111111111111, sa_flags=SA_ONSTACK|SA_RESTART|SA_SIGINFO
SIGBUS: [libjvm.dylib+0x7525b4], sa_mask[0]=11111111011111110111111111111111, sa_flags=SA_RESTART|SA_SIGINFO
SIGFPE: [libjvm.dylib+0x7525b4], sa_mask[0]=11111111011111110111111111111111, sa_flags=SA_RESTART|SA_SIGINFO
SIGPIPE: [libjvm.dylib+0x602b72], sa_mask[0]=11111111011111110111111111111111, sa_flags=SA_RESTART|SA_SIGINFO
SIGXFSZ: [libjvm.dylib+0x602b72], sa_mask[0]=11111111011111110111111111111111, sa_flags=SA_RESTART|SA_SIGINFO
SIGILL: [libjvm.dylib+0x7525b4], sa_mask[0]=11111111011111110111111111111111, sa_flags=SA_RESTART|SA_SIGINFO
SIGUSR2: [libjvm.dylib+0x603157], sa_mask[0]=00000000000000000000000000000000, sa_flags=SA_RESTART|SA_SIGINFO
SIGHUP: SIG_DFL, sa_mask[0]=00000000000000000000000000000000, sa_flags=none
SIGINT: [rsession+0x103f40], sa_mask[0]=00000000000000000000000000000000, sa_flags=SA_RESTART
SIGTERM: SIG_DFL, sa_mask[0]=00000000000000000000000000000000, sa_flags=none
SIGQUIT: SIG_DFL, sa_mask[0]=00000000000000000000000000000000, sa_flags=none


---------------  S Y S T E M  ---------------

OS:uname:Darwin 19.2.0 Darwin Kernel Version 19.2.0: Sat Nov  9 03:47:04 PST 2019; root:xnu-6153.61.1~20/RELEASE_X86_64 x86_64
rlimit: STACK 8192k, CORE 0k, NPROC 2784, NOFILE 10240, AS infinity, DATA infinity, FSIZE infinity
load average:1.60 1.97 2.94

CPU:total 4 (initial active 4) (2 cores per cpu, 2 threads per core) family 6 model 142 stepping 9, cmov, cx8, fxsr, mmx, sse, sse2, sse3, ssse3, sse4.1, sse4.2, popcnt, avx, avx2, aes, clmul, erms, rtm, 3dnowpref, lzcnt, ht, tsc, tscinvbit, bmi1, bmi2, adx, fma

Memory: 4k page, physical 16777216k(1548228k free)

vm_info: Java HotSpot(TM) 64-Bit Server VM (11.0.1+13-LTS) for bsd-amd64 JRE (11.0.1+13-LTS), built on Oct  6 2018 12:16:08 by "mach5one" with gcc 4.2.1 Compatible Apple LLVM 9.1.0 (clang-902.0.39.2)

END.
